#
# A fatal error has been detected by the Java Runtime Environment:
#
#  EXCEPTION_ACCESS_VIOLATION (0xc0000005) at pc=0x00007fffc1e37403, pid=1556, tid=2888
#
# JRE version: OpenJDK Runtime Environment Zulu17.44+15-CA (17.0.8+7) (build 17.0.8+7-LTS)
# Java VM: OpenJDK 64-Bit Server VM Zulu17.44+15-CA (17.0.8+7-LTS, mixed mode, sharing, tiered, compressed oops, compressed class ptrs, g1 gc, windows-amd64)
# Problematic frame:
# C  [glfw.dll+0x7403]
#
# No core dump will be written. Minidumps are not enabled by default on client versions of Windows
#
# If you would like to submit a bug report, please visit:
#   http://www.azul.com/support/
# The crash happened outside the Java Virtual Machine in native code.
# See problematic frame for where to report the bug.
#

---------------  S U M M A R Y ------------

Command Line: -Dfile.encoding=UTF-8 -Dstdout.encoding=UTF-8 -Dstderr.encoding=UTF-8 -XX:+ShowCodeDetailsInExceptionMessages project_cg.drivers.Main3DViewer

Host: Intel(R) Core(TM) i5-8250U CPU @ 1.60GHz, 8 cores, 7G,  Windows 11 , 64 bit Build 22621 (10.0.22621.4391)
Time: Sun Nov 17 16:20:53 2024 Hora oficial do Brasil elapsed time: 44.310704 seconds (0d 0h 0m 44s)

---------------  T H R E A D  ---------------

Current thread (0x0000024894e1cbc0):  JavaThread "Thread-3" [_thread_in_native, id=2888, stack(0x000000c949a00000,0x000000c949b00000)]

Stack: [0x000000c949a00000,0x000000c949b00000],  sp=0x000000c949aff350,  free space=1020k
Native frames: (J=compiled Java code, j=interpreted, Vv=VM code, C=native code)
C  [glfw.dll+0x7403]

Java frames: (J=compiled Java code, j=interpreted, Vv=VM code)
J 1265  org.lwjgl.system.JNI.invokePV(JJ)V (0 bytes) @ 0x00000248396a70ec [0x00000248396a70a0+0x000000000000004c]
j  org.lwjgl.glfw.GLFW.glfwDestroyWindow(J)V+6
j  project_cg.drivers.tudo3D.geometry3d.planeCartesians3d.CartesianPlane3D.run([Lproject_cg/drivers/tudo3D/geometry3d/points3d/Point3D;)V+17
j  project_cg.drivers.tudo3D.transformations3dinputs.Rotation3DInputs.lambda$3([Lproject_cg/drivers/tudo3D/geometry3d/points3d/Point3D;)V+5
j  project_cg.drivers.tudo3D.transformations3dinputs.Rotation3DInputs$$Lambda$156+0x000002484a115ca0.run()V+8
j  java.lang.Thread.run()V+11 java.base@17.0.8
v  ~StubRoutines::call_stub

siginfo: EXCEPTION_ACCESS_VIOLATION (0xc0000005), reading address 0x0000000000000000


Register to memory mapping:

RIP=0x00007fffc1e37403 glfw.dll
RAX=0x0 is NULL
RBX={method} {0x000002488a857a88} 'invokePV' '(JJ)V' in 'org/lwjgl/system/JNI'
RCX=0x0 is NULL
RDX=0x000000c949aff3d0 is pointing into the stack for thread: 0x0000024894e1cbc0
RSP=0x000000c949aff350 is pointing into the stack for thread: 0x0000024894e1cbc0
RBP=0x000000c949aff3e0 is pointing into the stack for thread: 0x0000024894e1cbc0
RSI=0x00000248995d30f0 points into unknown readable memory: 0x00000248995d4330 | 30 43 5d 99 48 02 00 00
RDI=0x000000000000539a is an unknown value
R8 =0x00000248995d30f0 points into unknown readable memory: 0x00000248995d4330 | 30 43 5d 99 48 02 00 00
R9 =0x00007fffc1e37370 glfw.dll
R10=0x00007fffc1ec1320 lwjgl.dll
R11=0x00000248396a70c0 is at entry_point+32 in (nmethod*)0x00000248396a6f10
R12=0x0 is NULL
R13=0x000000c949aff400 is pointing into the stack for thread: 0x0000024894e1cbc0
R14=0x000000c949aff3d0 is pointing into the stack for thread: 0x0000024894e1cbc0
R15=0x0000024894e1cbc0 is a thread


Registers:
RAX=0x0000000000000000, RBX=0x000002488a857a80, RCX=0x0000000000000000, RDX=0x000000c949aff3d0
RSP=0x000000c949aff350, RBP=0x000000c949aff3e0, RSI=0x00000248995d30f0, RDI=0x000000000000539a
R8 =0x00000248995d30f0, R9 =0x00007fffc1e37370, R10=0x00007fffc1ec1320, R11=0x00000248396a70c0
R12=0x0000000000000000, R13=0x000000c949aff400, R14=0x000000c949aff3d0, R15=0x0000024894e1cbc0
RIP=0x00007fffc1e37403, EFLAGS=0x0000000000010283

Top of Stack: (sp=0x000000c949aff350)
0x000000c949aff350:   0000ce684556e19d 000002488a610830
0x000000c949aff360:   000000c949aff400 00000000000007f6
0x000000c949aff370:   0000000000000110 00000248396a718c
0x000000c949aff380:   000000c949aff408 00000248390b9612
0x000000c949aff390:   000000c949aff408 00000248390b9612
0x000000c949aff3a0:   00007fffc1e37970 0000000000000000
0x000000c949aff3b0:   00000248995d30f0 0000000000000001
0x000000c949aff3c0:   000000c949aff3c0 000002488a606199
0x000000c949aff3d0:   0000000087e28458 000002488a6207e8
0x000000c949aff3e0:   000000c949aff468 00000248390b94fe
0x000000c949aff3f0:   000002488a6061d8 00000248390b94fe
0x000000c949aff400:   00007fffc1e37370 0000000000000000
0x000000c949aff410:   00000248995d30f0 0000000000000000
0x000000c949aff420:   000000c949aff420 000002488a6060c6
0x000000c949aff430:   000000c949aff490 000002488a6207e8
0x000000c949aff440:   0000000000000000 0000000087e08488 

Instructions: (pc=0x00007fffc1e37403)
0x00007fffc1e37303:   8d 44 24 20 4c 8d 4c 24 60 48 89 d9 ff 15 e3 04
0x00007fffc1e37313:   07 00 85 c0 75 33 48 89 d9 e8 4f 00 00 00 eb 27
0x00007fffc1e37323:   31 db b9 01 00 01 00 31 d2 e8 5f ac ff ff eb 19
0x00007fffc1e37333:   48 8d 15 8a 4b 06 00 b9 04 00 01 00 41 89 e8 41
0x00007fffc1e37343:   89 f1 e8 46 ac ff ff 31 db 48 8b 8c 24 08 05 00
0x00007fffc1e37353:   00 48 31 e1 e8 c4 ed 00 00 48 89 d8 48 81 c4 10
0x00007fffc1e37363:   05 00 00 5b 5d 5f 5e 41 5e c3 cc cc cc 56 48 83
0x00007fffc1e37373:   ec 20 83 3d 4c 03 07 00 00 0f 84 c7 00 00 00 48
0x00007fffc1e37383:   89 ce 48 85 c9 0f 84 c7 00 00 00 0f 57 c0 0f 11
0x00007fffc1e37393:   86 c8 03 00 00 0f 11 86 b8 03 00 00 0f 11 86 a8
0x00007fffc1e373a3:   03 00 00 0f 11 86 98 03 00 00 0f 11 86 88 03 00
0x00007fffc1e373b3:   00 0f 11 86 78 03 00 00 0f 11 86 68 03 00 00 0f
0x00007fffc1e373c3:   11 86 58 03 00 00 0f 11 86 48 03 00 00 0f 11 86
0x00007fffc1e373d3:   38 03 00 00 48 8d 0d be 1c 07 00 e8 2d 40 00 00
0x00007fffc1e373e3:   48 39 f0 75 07 31 c9 e8 81 a5 ff ff 48 89 f1 ff
0x00007fffc1e373f3:   15 08 04 07 00 48 8d 0d 71 0a 07 00 90 48 89 c8
0x00007fffc1e37403:   48 8b 09 48 39 f1 75 f5 48 8b 0e 48 89 08 48 8b
0x00007fffc1e37413:   8e e0 02 00 00 48 85 c9 74 05 e8 1e af ff ff 48
0x00007fffc1e37423:   8b 8e f0 02 00 00 48 85 c9 74 05 e8 0d af ff ff
0x00007fffc1e37433:   48 8b 4e 60 e8 04 af ff ff 48 89 f1 48 83 c4 20
0x00007fffc1e37443:   5e e9 f7 ae ff ff b9 01 00 01 00 31 d2 e8 3b ab
0x00007fffc1e37453:   ff ff 90 48 83 c4 20 5e c3 cc cc cc cc 48 83 ec
0x00007fffc1e37463:   38 0f 29 74 24 20 83 3d 58 02 07 00 00 0f 84 cc
0x00007fffc1e37473:   00 00 00 0f 57 f6 0f 11 35 c0 09 07 00 0f 11 35
0x00007fffc1e37483:   a9 09 07 00 48 c7 05 be 09 07 00 00 00 00 00 0f
0x00007fffc1e37493:   28 05 f7 ac 02 00 0f 11 05 80 09 07 00 48 8d 0d
0x00007fffc1e374a3:   29 05 07 00 41 b8 50 04 00 00 31 d2 e8 4c a1 02
0x00007fffc1e374b3:   00 0f 28 05 e5 ac 02 00 0f 11 05 1e 05 07 00 c7
0x00007fffc1e374c3:   05 24 05 07 00 01 00 00 00 48 b8 01 00 00 00 01
0x00007fffc1e374d3:   00 00 00 48 89 05 1f 05 07 00 48 b8 00 00 00 80
0x00007fffc1e374e3:   00 00 00 80 48 89 05 da 04 07 00 c7 05 14 05 07
0x00007fffc1e374f3:   00 01 00 00 00 0f 11 35 b9 04 07 00 0f 11 35 92 


Stack slot to memory mapping:
stack at sp + 0 slots: 0x0000ce684556e19d is an unknown value
stack at sp + 1 slots: {method} {0x000002488a610838} 'glfwPollEvents' '()V' in 'org/lwjgl/glfw/GLFW'
stack at sp + 2 slots: 0x000000c949aff400 is pointing into the stack for thread: 0x0000024894e1cbc0
stack at sp + 3 slots: 0x00000000000007f6 is an unknown value
stack at sp + 4 slots: 0x0000000000000110 is an unknown value
stack at sp + 5 slots: 0x00000248396a718c is at entry_point+236 in (nmethod*)0x00000248396a6f10
stack at sp + 6 slots: 0x000000c949aff408 is pointing into the stack for thread: 0x0000024894e1cbc0
stack at sp + 7 slots: 0x00000248390b9612 is at code_begin+1394 in an Interpreter codelet
return entry points  [0x00000248390b90a0, 0x00000248390b9ba0]  2816 bytes


---------------  P R O C E S S  ---------------

Threads class SMR info:
_java_thread_list=0x0000024848655ab0, length=36, elements={
0x000002484842ab30, 0x000002484842bfc0, 0x000002484843eba0, 0x000002484843f660,
0x0000024848441240, 0x0000024848441c00, 0x0000024848453a50, 0x0000024848455420,
0x0000024848468500, 0x00000248486b22b0, 0x00000248486c65d0, 0x000002488e067d20,
0x000002488e0bf260, 0x000002488e0b44c0, 0x000002488e146830, 0x000002482a0052e0,
0x000002488e18bb10, 0x000002488e7460e0, 0x000002488e611800, 0x000002488e4762d0,
0x0000024894e1cbc0, 0x000002484872dc10, 0x00000248955c0550, 0x0000024895904a50,
0x0000024898af06d0, 0x0000024898add710, 0x0000024898f4cfa0, 0x0000024898f678e0,
0x00000248994cc4c0, 0x00000248998ad240, 0x00000248998bde90, 0x000002489cfe82a0,
0x000002489cfd9ed0, 0x000002489d6795d0, 0x000002489d683ce0, 0x00000248a347c7f0
}

Java Threads: ( => current thread )
  0x000002484842ab30 JavaThread "Reference Handler" daemon [_thread_blocked, id=17916, stack(0x000000c947f00000,0x000000c948000000)]
  0x000002484842bfc0 JavaThread "Finalizer" daemon [_thread_blocked, id=8252, stack(0x000000c948000000,0x000000c948100000)]
  0x000002484843eba0 JavaThread "Signal Dispatcher" daemon [_thread_blocked, id=17184, stack(0x000000c948100000,0x000000c948200000)]
  0x000002484843f660 JavaThread "Attach Listener" daemon [_thread_blocked, id=12144, stack(0x000000c948200000,0x000000c948300000)]
  0x0000024848441240 JavaThread "Service Thread" daemon [_thread_blocked, id=13744, stack(0x000000c948300000,0x000000c948400000)]
  0x0000024848441c00 JavaThread "Monitor Deflation Thread" daemon [_thread_blocked, id=18412, stack(0x000000c948400000,0x000000c948500000)]
  0x0000024848453a50 JavaThread "C2 CompilerThread0" daemon [_thread_blocked, id=5032, stack(0x000000c948500000,0x000000c948600000)]
  0x0000024848455420 JavaThread "C1 CompilerThread0" daemon [_thread_blocked, id=13220, stack(0x000000c948600000,0x000000c948700000)]
  0x0000024848468500 JavaThread "Sweeper thread" daemon [_thread_blocked, id=15784, stack(0x000000c948700000,0x000000c948800000)]
  0x00000248486b22b0 JavaThread "Notification Thread" daemon [_thread_blocked, id=8012, stack(0x000000c948800000,0x000000c948900000)]
  0x00000248486c65d0 JavaThread "Common-Cleaner" daemon [_thread_blocked, id=17604, stack(0x000000c948a00000,0x000000c948b00000)]
  0x000002488e067d20 JavaThread "Java2D Disposer" daemon [_thread_blocked, id=12516, stack(0x000000c948b00000,0x000000c948c00000)]
  0x000002488e0bf260 JavaThread "AWT-Shutdown" [_thread_blocked, id=15116, stack(0x000000c948c00000,0x000000c948d00000)]
  0x000002488e0b44c0 JavaThread "AWT-Windows" daemon [_thread_in_native, id=15844, stack(0x000000c948d00000,0x000000c948e00000)]
  0x000002488e146830 JavaThread "AWT-EventQueue-0" [_thread_blocked, id=17296, stack(0x000000c948e00000,0x000000c948f00000)]
  0x000002482a0052e0 JavaThread "DestroyJavaVM" [_thread_blocked, id=18176, stack(0x000000c947800000,0x000000c947900000)]
  0x000002488e18bb10 JavaThread "Thread-0" [_thread_in_native, id=13568, stack(0x000000c948f00000,0x000000c949000000)]
  0x000002488e7460e0 JavaThread "Thread-1" [_thread_in_native, id=18068, stack(0x000000c949600000,0x000000c949700000)]
  0x000002488e611800 JavaThread "TimerQueue" daemon [_thread_blocked, id=992, stack(0x000000c949700000,0x000000c949800000)]
  0x000002488e4762d0 JavaThread "Thread-2" [_thread_in_native, id=14840, stack(0x000000c949900000,0x000000c949a00000)]
=>0x0000024894e1cbc0 JavaThread "Thread-3" [_thread_in_native, id=2888, stack(0x000000c949a00000,0x000000c949b00000)]
  0x000002484872dc10 JavaThread "Thread-4" [_thread_in_native, id=10560, stack(0x000000c949b00000,0x000000c949c00000)]
  0x00000248955c0550 JavaThread "Thread-5" [_thread_in_native, id=13252, stack(0x000000c949c00000,0x000000c949d00000)]
  0x0000024895904a50 JavaThread "Thread-6" [_thread_in_native, id=15940, stack(0x000000c949d00000,0x000000c949e00000)]
  0x0000024898af06d0 JavaThread "Thread-7" [_thread_in_native, id=7608, stack(0x000000c949e00000,0x000000c949f00000)]
  0x0000024898add710 JavaThread "Thread-8" [_thread_in_native, id=16224, stack(0x000000c949f00000,0x000000c94a000000)]
  0x0000024898f4cfa0 JavaThread "Thread-9" [_thread_in_native, id=14400, stack(0x000000c94a000000,0x000000c94a100000)]
  0x0000024898f678e0 JavaThread "Thread-10" [_thread_in_native, id=15860, stack(0x000000c94a100000,0x000000c94a200000)]
  0x00000248994cc4c0 JavaThread "Thread-11" [_thread_in_native, id=11812, stack(0x000000c94a200000,0x000000c94a300000)]
  0x00000248998ad240 JavaThread "Thread-12" [_thread_in_native, id=6204, stack(0x000000c94a300000,0x000000c94a400000)]
  0x00000248998bde90 JavaThread "Thread-13" [_thread_in_native, id=15472, stack(0x000000c94a400000,0x000000c94a500000)]
  0x000002489cfe82a0 JavaThread "Thread-14" [_thread_in_native, id=11888, stack(0x000000c94a500000,0x000000c94a600000)]
  0x000002489cfd9ed0 JavaThread "Thread-15" [_thread_in_native, id=6244, stack(0x000000c94a600000,0x000000c94a700000)]
  0x000002489d6795d0 JavaThread "Thread-17" [_thread_in_native, id=16428, stack(0x000000c94af00000,0x000000c94b000000)]
  0x000002489d683ce0 JavaThread "Thread-18" [_thread_in_native, id=17212, stack(0x000000c94b000000,0x000000c94b100000)]
  0x00000248a347c7f0 JavaThread "Thread-19" [_thread_in_native, id=15008, stack(0x000000c94b100000,0x000000c94b200000)]

Other Threads:
  0x0000024848426f20 VMThread "VM Thread" [stack: 0x000000c947e00000,0x000000c947f00000] [id=5408]
  0x00000248486b6bb0 WatcherThread [stack: 0x000000c948900000,0x000000c948a00000] [id=3576]
  0x000002482a060c40 GCTaskThread "GC Thread#0" [stack: 0x000000c947900000,0x000000c947a00000] [id=7864]
  0x000002489d4f4330 GCTaskThread "GC Thread#1" [stack: 0x000000c94a800000,0x000000c94a900000] [id=16416]
  0x000002489d5056b0 GCTaskThread "GC Thread#2" [stack: 0x000000c94a900000,0x000000c94aa00000] [id=14124]
  0x0000024898ddaa40 GCTaskThread "GC Thread#3" [stack: 0x000000c94aa00000,0x000000c94ab00000] [id=6024]
  0x00000248950e9570 GCTaskThread "GC Thread#4" [stack: 0x000000c94ab00000,0x000000c94ac00000] [id=1512]
  0x000002489cf86120 GCTaskThread "GC Thread#5" [stack: 0x000000c94ac00000,0x000000c94ad00000] [id=2760]
  0x000002489d7eb860 GCTaskThread "GC Thread#6" [stack: 0x000000c94ad00000,0x000000c94ae00000] [id=13868]
  0x000002489d7ec0a0 GCTaskThread "GC Thread#7" [stack: 0x000000c94ae00000,0x000000c94af00000] [id=17348]
  0x000002482a0718d0 ConcurrentGCThread "G1 Main Marker" [stack: 0x000000c947a00000,0x000000c947b00000] [id=17416]
  0x000002482a0722f0 ConcurrentGCThread "G1 Conc#0" [stack: 0x000000c947b00000,0x000000c947c00000] [id=14356]
  0x00000248482e2520 ConcurrentGCThread "G1 Refine#0" [stack: 0x000000c947c00000,0x000000c947d00000] [id=14128]
  0x00000248482e2d60 ConcurrentGCThread "G1 Service" [stack: 0x000000c947d00000,0x000000c947e00000] [id=17836]

Threads with active compile tasks:

VM state: not at safepoint (normal execution)

VM Mutex/Monitor currently owned by a thread: None

Heap address: 0x0000000081600000, size: 2026 MB, Compressed Oops mode: 32-bit

CDS archive(s) mapped at: [0x0000024849000000-0x0000024849c00000-0x0000024849c00000), size 12582912, SharedBaseAddress: 0x0000024849000000, ArchiveRelocationMode: 1.
Compressed class space mapped at: 0x000002484a000000-0x000002488a000000, reserved size: 1073741824
Narrow klass base: 0x0000024849000000, Narrow klass shift: 0, Narrow klass range: 0x100000000

GC Precious Log:
 CPUs: 8 total, 8 available
 Memory: 8102M
 Large Page Support: Disabled
 NUMA Support: Disabled
 Compressed Oops: Enabled (32-bit)
 Heap Region Size: 1M
 Heap Min Capacity: 8M
 Heap Initial Capacity: 128M
 Heap Max Capacity: 2026M
 Pre-touch: Disabled
 Parallel Workers: 8
 Concurrent Workers: 2
 Concurrent Refinement Workers: 8
 Periodic GC: Disabled

Heap:
 garbage-first heap   total 131072K, used 15564K [0x0000000081600000, 0x0000000100000000)
  region size 1024K, 6 young (6144K), 3 survivors (3072K)
 Metaspace       used 11719K, committed 11968K, reserved 1114112K
  class space    used 1229K, committed 1344K, reserved 1048576K

Heap Regions: E=young(eden), S=young(survivor), O=old, HS=humongous(starts), HC=humongous(continues), CS=collection set, F=free, OA=open archive, CA=closed archive, TAMS=top-at-mark-start (previous, next)
|   0|0x0000000081600000, 0x0000000081700000, 0x0000000081700000|100%|HS|  |TAMS 0x0000000081600000, 0x0000000081600000| Complete 
|   1|0x0000000081700000, 0x0000000081800000, 0x0000000081800000|100%|HC|  |TAMS 0x0000000081700000, 0x0000000081700000| Complete 
|   2|0x0000000081800000, 0x0000000081900000, 0x0000000081900000|100%|HC|  |TAMS 0x0000000081800000, 0x0000000081800000| Complete 
|   3|0x0000000081900000, 0x0000000081a00000, 0x0000000081a00000|100%|HC|  |TAMS 0x0000000081900000, 0x0000000081900000| Complete 
|   4|0x0000000081a00000, 0x0000000081b00000, 0x0000000081b00000|100%|HS|  |TAMS 0x0000000081a00000, 0x0000000081a00000| Complete 
|   5|0x0000000081b00000, 0x0000000081c00000, 0x0000000081c00000|100%|HC|  |TAMS 0x0000000081b00000, 0x0000000081b00000| Complete 
|   6|0x0000000081c00000, 0x0000000081d00000, 0x0000000081d00000|100%|HC|  |TAMS 0x0000000081c00000, 0x0000000081c00000| Complete 
|   7|0x0000000081d00000, 0x0000000081e00000, 0x0000000081e00000|100%|HC|  |TAMS 0x0000000081d00000, 0x0000000081d00000| Complete 
|   8|0x0000000081e00000, 0x0000000081f00000, 0x0000000081f00000|100%| O|  |TAMS 0x0000000081e00000, 0x0000000081e00000| Untracked 
|   9|0x0000000081f00000, 0x0000000082000000, 0x0000000082000000|100%| O|  |TAMS 0x0000000081f00000, 0x0000000081f00000| Untracked 
|  10|0x0000000082000000, 0x0000000082033200, 0x0000000082100000| 19%| O|  |TAMS 0x0000000082000000, 0x0000000082000000| Untracked 
|  11|0x0000000082100000, 0x0000000082100000, 0x0000000082200000|  0%| F|  |TAMS 0x0000000082100000, 0x0000000082100000| Untracked 
|  12|0x0000000082200000, 0x0000000082200000, 0x0000000082300000|  0%| F|  |TAMS 0x0000000082200000, 0x0000000082200000| Untracked 
|  13|0x0000000082300000, 0x0000000082300000, 0x0000000082400000|  0%| F|  |TAMS 0x0000000082300000, 0x0000000082300000| Untracked 
|  14|0x0000000082400000, 0x0000000082400000, 0x0000000082500000|  0%| F|  |TAMS 0x0000000082400000, 0x0000000082400000| Untracked 
|  15|0x0000000082500000, 0x0000000082500000, 0x0000000082600000|  0%| F|  |TAMS 0x0000000082500000, 0x0000000082500000| Untracked 
|  16|0x0000000082600000, 0x0000000082600000, 0x0000000082700000|  0%| F|  |TAMS 0x0000000082600000, 0x0000000082600000| Untracked 
|  17|0x0000000082700000, 0x0000000082700000, 0x0000000082800000|  0%| F|  |TAMS 0x0000000082700000, 0x0000000082700000| Untracked 
|  18|0x0000000082800000, 0x0000000082800000, 0x0000000082900000|  0%| F|  |TAMS 0x0000000082800000, 0x0000000082800000| Untracked 
|  19|0x0000000082900000, 0x0000000082900000, 0x0000000082a00000|  0%| F|  |TAMS 0x0000000082900000, 0x0000000082900000| Untracked 
|  20|0x0000000082a00000, 0x0000000082a00000, 0x0000000082b00000|  0%| F|  |TAMS 0x0000000082a00000, 0x0000000082a00000| Untracked 
|  21|0x0000000082b00000, 0x0000000082b00000, 0x0000000082c00000|  0%| F|  |TAMS 0x0000000082b00000, 0x0000000082b00000| Untracked 
|  22|0x0000000082c00000, 0x0000000082c00000, 0x0000000082d00000|  0%| F|  |TAMS 0x0000000082c00000, 0x0000000082c00000| Untracked 
|  23|0x0000000082d00000, 0x0000000082d00000, 0x0000000082e00000|  0%| F|  |TAMS 0x0000000082d00000, 0x0000000082d00000| Untracked 
|  24|0x0000000082e00000, 0x0000000082e00000, 0x0000000082f00000|  0%| F|  |TAMS 0x0000000082e00000, 0x0000000082e00000| Untracked 
|  25|0x0000000082f00000, 0x0000000082f00000, 0x0000000083000000|  0%| F|  |TAMS 0x0000000082f00000, 0x0000000082f00000| Untracked 
|  26|0x0000000083000000, 0x0000000083000000, 0x0000000083100000|  0%| F|  |TAMS 0x0000000083000000, 0x0000000083000000| Untracked 
|  27|0x0000000083100000, 0x0000000083100000, 0x0000000083200000|  0%| F|  |TAMS 0x0000000083100000, 0x0000000083100000| Untracked 
|  28|0x0000000083200000, 0x0000000083200000, 0x0000000083300000|  0%| F|  |TAMS 0x0000000083200000, 0x0000000083200000| Untracked 
|  29|0x0000000083300000, 0x0000000083300000, 0x0000000083400000|  0%| F|  |TAMS 0x0000000083300000, 0x0000000083300000| Untracked 
|  30|0x0000000083400000, 0x0000000083400000, 0x0000000083500000|  0%| F|  |TAMS 0x0000000083400000, 0x0000000083400000| Untracked 
|  31|0x0000000083500000, 0x0000000083500000, 0x0000000083600000|  0%| F|  |TAMS 0x0000000083500000, 0x0000000083500000| Untracked 
|  32|0x0000000083600000, 0x0000000083600000, 0x0000000083700000|  0%| F|  |TAMS 0x0000000083600000, 0x0000000083600000| Untracked 
|  33|0x0000000083700000, 0x0000000083700000, 0x0000000083800000|  0%| F|  |TAMS 0x0000000083700000, 0x0000000083700000| Untracked 
|  34|0x0000000083800000, 0x0000000083800000, 0x0000000083900000|  0%| F|  |TAMS 0x0000000083800000, 0x0000000083800000| Untracked 
|  35|0x0000000083900000, 0x0000000083900000, 0x0000000083a00000|  0%| F|  |TAMS 0x0000000083900000, 0x0000000083900000| Untracked 
|  36|0x0000000083a00000, 0x0000000083a00000, 0x0000000083b00000|  0%| F|  |TAMS 0x0000000083a00000, 0x0000000083a00000| Untracked 
|  37|0x0000000083b00000, 0x0000000083b00000, 0x0000000083c00000|  0%| F|  |TAMS 0x0000000083b00000, 0x0000000083b00000| Untracked 
|  38|0x0000000083c00000, 0x0000000083c00000, 0x0000000083d00000|  0%| F|  |TAMS 0x0000000083c00000, 0x0000000083c00000| Untracked 
|  39|0x0000000083d00000, 0x0000000083d00000, 0x0000000083e00000|  0%| F|  |TAMS 0x0000000083d00000, 0x0000000083d00000| Untracked 
|  40|0x0000000083e00000, 0x0000000083e00000, 0x0000000083f00000|  0%| F|  |TAMS 0x0000000083e00000, 0x0000000083e00000| Untracked 
|  41|0x0000000083f00000, 0x0000000083f00000, 0x0000000084000000|  0%| F|  |TAMS 0x0000000083f00000, 0x0000000083f00000| Untracked 
|  42|0x0000000084000000, 0x0000000084000000, 0x0000000084100000|  0%| F|  |TAMS 0x0000000084000000, 0x0000000084000000| Untracked 
|  43|0x0000000084100000, 0x0000000084100000, 0x0000000084200000|  0%| F|  |TAMS 0x0000000084100000, 0x0000000084100000| Untracked 
|  44|0x0000000084200000, 0x0000000084200000, 0x0000000084300000|  0%| F|  |TAMS 0x0000000084200000, 0x0000000084200000| Untracked 
|  45|0x0000000084300000, 0x0000000084300000, 0x0000000084400000|  0%| F|  |TAMS 0x0000000084300000, 0x0000000084300000| Untracked 
|  46|0x0000000084400000, 0x0000000084400000, 0x0000000084500000|  0%| F|  |TAMS 0x0000000084400000, 0x0000000084400000| Untracked 
|  47|0x0000000084500000, 0x0000000084500000, 0x0000000084600000|  0%| F|  |TAMS 0x0000000084500000, 0x0000000084500000| Untracked 
|  48|0x0000000084600000, 0x0000000084600000, 0x0000000084700000|  0%| F|  |TAMS 0x0000000084600000, 0x0000000084600000| Untracked 
|  49|0x0000000084700000, 0x0000000084700000, 0x0000000084800000|  0%| F|  |TAMS 0x0000000084700000, 0x0000000084700000| Untracked 
|  50|0x0000000084800000, 0x0000000084800000, 0x0000000084900000|  0%| F|  |TAMS 0x0000000084800000, 0x0000000084800000| Untracked 
|  51|0x0000000084900000, 0x0000000084900000, 0x0000000084a00000|  0%| F|  |TAMS 0x0000000084900000, 0x0000000084900000| Untracked 
|  52|0x0000000084a00000, 0x0000000084a00000, 0x0000000084b00000|  0%| F|  |TAMS 0x0000000084a00000, 0x0000000084a00000| Untracked 
|  53|0x0000000084b00000, 0x0000000084b00000, 0x0000000084c00000|  0%| F|  |TAMS 0x0000000084b00000, 0x0000000084b00000| Untracked 
|  54|0x0000000084c00000, 0x0000000084c00000, 0x0000000084d00000|  0%| F|  |TAMS 0x0000000084c00000, 0x0000000084c00000| Untracked 
|  55|0x0000000084d00000, 0x0000000084d00000, 0x0000000084e00000|  0%| F|  |TAMS 0x0000000084d00000, 0x0000000084d00000| Untracked 
|  56|0x0000000084e00000, 0x0000000084e00000, 0x0000000084f00000|  0%| F|  |TAMS 0x0000000084e00000, 0x0000000084e00000| Untracked 
|  57|0x0000000084f00000, 0x0000000084f00000, 0x0000000085000000|  0%| F|  |TAMS 0x0000000084f00000, 0x0000000084f00000| Untracked 
|  58|0x0000000085000000, 0x0000000085000000, 0x0000000085100000|  0%| F|  |TAMS 0x0000000085000000, 0x0000000085000000| Untracked 
|  59|0x0000000085100000, 0x0000000085100000, 0x0000000085200000|  0%| F|  |TAMS 0x0000000085100000, 0x0000000085100000| Untracked 
|  60|0x0000000085200000, 0x0000000085200000, 0x0000000085300000|  0%| F|  |TAMS 0x0000000085200000, 0x0000000085200000| Untracked 
|  61|0x0000000085300000, 0x0000000085300000, 0x0000000085400000|  0%| F|  |TAMS 0x0000000085300000, 0x0000000085300000| Untracked 
|  62|0x0000000085400000, 0x0000000085400000, 0x0000000085500000|  0%| F|  |TAMS 0x0000000085400000, 0x0000000085400000| Untracked 
|  63|0x0000000085500000, 0x0000000085500000, 0x0000000085600000|  0%| F|  |TAMS 0x0000000085500000, 0x0000000085500000| Untracked 
|  64|0x0000000085600000, 0x0000000085600000, 0x0000000085700000|  0%| F|  |TAMS 0x0000000085600000, 0x0000000085600000| Untracked 
|  65|0x0000000085700000, 0x0000000085700000, 0x0000000085800000|  0%| F|  |TAMS 0x0000000085700000, 0x0000000085700000| Untracked 
|  66|0x0000000085800000, 0x0000000085800000, 0x0000000085900000|  0%| F|  |TAMS 0x0000000085800000, 0x0000000085800000| Untracked 
|  67|0x0000000085900000, 0x0000000085900000, 0x0000000085a00000|  0%| F|  |TAMS 0x0000000085900000, 0x0000000085900000| Untracked 
|  68|0x0000000085a00000, 0x0000000085a00000, 0x0000000085b00000|  0%| F|  |TAMS 0x0000000085a00000, 0x0000000085a00000| Untracked 
|  69|0x0000000085b00000, 0x0000000085b00000, 0x0000000085c00000|  0%| F|  |TAMS 0x0000000085b00000, 0x0000000085b00000| Untracked 
|  70|0x0000000085c00000, 0x0000000085c00000, 0x0000000085d00000|  0%| F|  |TAMS 0x0000000085c00000, 0x0000000085c00000| Untracked 
|  71|0x0000000085d00000, 0x0000000085d00000, 0x0000000085e00000|  0%| F|  |TAMS 0x0000000085d00000, 0x0000000085d00000| Untracked 
|  72|0x0000000085e00000, 0x0000000085e00000, 0x0000000085f00000|  0%| F|  |TAMS 0x0000000085e00000, 0x0000000085e00000| Untracked 
|  73|0x0000000085f00000, 0x0000000085f00000, 0x0000000086000000|  0%| F|  |TAMS 0x0000000085f00000, 0x0000000085f00000| Untracked 
|  74|0x0000000086000000, 0x0000000086000000, 0x0000000086100000|  0%| F|  |TAMS 0x0000000086000000, 0x0000000086000000| Untracked 
|  75|0x0000000086100000, 0x0000000086100000, 0x0000000086200000|  0%| F|  |TAMS 0x0000000086100000, 0x0000000086100000| Untracked 
|  76|0x0000000086200000, 0x0000000086200000, 0x0000000086300000|  0%| F|  |TAMS 0x0000000086200000, 0x0000000086200000| Untracked 
|  77|0x0000000086300000, 0x0000000086300000, 0x0000000086400000|  0%| F|  |TAMS 0x0000000086300000, 0x0000000086300000| Untracked 
|  78|0x0000000086400000, 0x0000000086400000, 0x0000000086500000|  0%| F|  |TAMS 0x0000000086400000, 0x0000000086400000| Untracked 
|  79|0x0000000086500000, 0x0000000086500000, 0x0000000086600000|  0%| F|  |TAMS 0x0000000086500000, 0x0000000086500000| Untracked 
|  80|0x0000000086600000, 0x0000000086600000, 0x0000000086700000|  0%| F|  |TAMS 0x0000000086600000, 0x0000000086600000| Untracked 
|  81|0x0000000086700000, 0x0000000086700000, 0x0000000086800000|  0%| F|  |TAMS 0x0000000086700000, 0x0000000086700000| Untracked 
|  82|0x0000000086800000, 0x0000000086800000, 0x0000000086900000|  0%| F|  |TAMS 0x0000000086800000, 0x0000000086800000| Untracked 
|  83|0x0000000086900000, 0x0000000086900000, 0x0000000086a00000|  0%| F|  |TAMS 0x0000000086900000, 0x0000000086900000| Untracked 
|  84|0x0000000086a00000, 0x0000000086a00000, 0x0000000086b00000|  0%| F|  |TAMS 0x0000000086a00000, 0x0000000086a00000| Untracked 
|  85|0x0000000086b00000, 0x0000000086b00000, 0x0000000086c00000|  0%| F|  |TAMS 0x0000000086b00000, 0x0000000086b00000| Untracked 
|  86|0x0000000086c00000, 0x0000000086c00000, 0x0000000086d00000|  0%| F|  |TAMS 0x0000000086c00000, 0x0000000086c00000| Untracked 
|  87|0x0000000086d00000, 0x0000000086d00000, 0x0000000086e00000|  0%| F|  |TAMS 0x0000000086d00000, 0x0000000086d00000| Untracked 
|  88|0x0000000086e00000, 0x0000000086e00000, 0x0000000086f00000|  0%| F|  |TAMS 0x0000000086e00000, 0x0000000086e00000| Untracked 
|  89|0x0000000086f00000, 0x0000000086f00000, 0x0000000087000000|  0%| F|  |TAMS 0x0000000086f00000, 0x0000000086f00000| Untracked 
|  90|0x0000000087000000, 0x0000000087000000, 0x0000000087100000|  0%| F|  |TAMS 0x0000000087000000, 0x0000000087000000| Untracked 
|  91|0x0000000087100000, 0x0000000087100000, 0x0000000087200000|  0%| F|  |TAMS 0x0000000087100000, 0x0000000087100000| Untracked 
|  92|0x0000000087200000, 0x0000000087200000, 0x0000000087300000|  0%| F|  |TAMS 0x0000000087200000, 0x0000000087200000| Untracked 
|  93|0x0000000087300000, 0x0000000087300000, 0x0000000087400000|  0%| F|  |TAMS 0x0000000087300000, 0x0000000087300000| Untracked 
|  94|0x0000000087400000, 0x0000000087400000, 0x0000000087500000|  0%| F|  |TAMS 0x0000000087400000, 0x0000000087400000| Untracked 
|  95|0x0000000087500000, 0x0000000087500000, 0x0000000087600000|  0%| F|  |TAMS 0x0000000087500000, 0x0000000087500000| Untracked 
|  96|0x0000000087600000, 0x0000000087600000, 0x0000000087700000|  0%| F|  |TAMS 0x0000000087600000, 0x0000000087600000| Untracked 
|  97|0x0000000087700000, 0x0000000087700000, 0x0000000087800000|  0%| F|  |TAMS 0x0000000087700000, 0x0000000087700000| Untracked 
|  98|0x0000000087800000, 0x0000000087800000, 0x0000000087900000|  0%| F|  |TAMS 0x0000000087800000, 0x0000000087800000| Untracked 
|  99|0x0000000087900000, 0x0000000087900000, 0x0000000087a00000|  0%| F|  |TAMS 0x0000000087900000, 0x0000000087900000| Untracked 
| 100|0x0000000087a00000, 0x0000000087a00000, 0x0000000087b00000|  0%| F|  |TAMS 0x0000000087a00000, 0x0000000087a00000| Untracked 
| 101|0x0000000087b00000, 0x0000000087b00000, 0x0000000087c00000|  0%| F|  |TAMS 0x0000000087b00000, 0x0000000087b00000| Untracked 
| 102|0x0000000087c00000, 0x0000000087d00000, 0x0000000087d00000|100%| S|CS|TAMS 0x0000000087c00000, 0x0000000087c00000| Complete 
| 103|0x0000000087d00000, 0x0000000087e00000, 0x0000000087e00000|100%| S|CS|TAMS 0x0000000087d00000, 0x0000000087d00000| Complete 
| 104|0x0000000087e00000, 0x0000000087f00000, 0x0000000087f00000|100%| S|CS|TAMS 0x0000000087e00000, 0x0000000087e00000| Complete 
| 105|0x0000000087f00000, 0x0000000087f00000, 0x0000000088000000|  0%| F|  |TAMS 0x0000000087f00000, 0x0000000087f00000| Untracked 
| 106|0x0000000088000000, 0x0000000088000000, 0x0000000088100000|  0%| F|  |TAMS 0x0000000088000000, 0x0000000088000000| Untracked 
| 107|0x0000000088100000, 0x0000000088100000, 0x0000000088200000|  0%| F|  |TAMS 0x0000000088100000, 0x0000000088100000| Untracked 
| 108|0x0000000088200000, 0x0000000088200000, 0x0000000088300000|  0%| F|  |TAMS 0x0000000088200000, 0x0000000088200000| Untracked 
| 109|0x0000000088300000, 0x0000000088300000, 0x0000000088400000|  0%| F|  |TAMS 0x0000000088300000, 0x0000000088300000| Untracked 
| 110|0x0000000088400000, 0x0000000088400000, 0x0000000088500000|  0%| F|  |TAMS 0x0000000088400000, 0x0000000088400000| Untracked 
| 111|0x0000000088500000, 0x0000000088500000, 0x0000000088600000|  0%| F|  |TAMS 0x0000000088500000, 0x0000000088500000| Untracked 
| 112|0x0000000088600000, 0x0000000088600000, 0x0000000088700000|  0%| F|  |TAMS 0x0000000088600000, 0x0000000088600000| Untracked 
| 113|0x0000000088700000, 0x0000000088700000, 0x0000000088800000|  0%| F|  |TAMS 0x0000000088700000, 0x0000000088700000| Untracked 
| 114|0x0000000088800000, 0x0000000088800000, 0x0000000088900000|  0%| F|  |TAMS 0x0000000088800000, 0x0000000088800000| Untracked 
| 115|0x0000000088900000, 0x0000000088900000, 0x0000000088a00000|  0%| F|  |TAMS 0x0000000088900000, 0x0000000088900000| Untracked 
| 116|0x0000000088a00000, 0x0000000088a00000, 0x0000000088b00000|  0%| F|  |TAMS 0x0000000088a00000, 0x0000000088a00000| Untracked 
| 117|0x0000000088b00000, 0x0000000088b00000, 0x0000000088c00000|  0%| F|  |TAMS 0x0000000088b00000, 0x0000000088b00000| Untracked 
| 118|0x0000000088c00000, 0x0000000088c00000, 0x0000000088d00000|  0%| F|  |TAMS 0x0000000088c00000, 0x0000000088c00000| Untracked 
| 119|0x0000000088d00000, 0x0000000088d00000, 0x0000000088e00000|  0%| F|  |TAMS 0x0000000088d00000, 0x0000000088d00000| Untracked 
| 120|0x0000000088e00000, 0x0000000088e00000, 0x0000000088f00000|  0%| F|  |TAMS 0x0000000088e00000, 0x0000000088e00000| Untracked 
| 121|0x0000000088f00000, 0x0000000088f00000, 0x0000000089000000|  0%| F|  |TAMS 0x0000000088f00000, 0x0000000088f00000| Untracked 
| 122|0x0000000089000000, 0x0000000089000000, 0x0000000089100000|  0%| F|  |TAMS 0x0000000089000000, 0x0000000089000000| Untracked 
| 123|0x0000000089100000, 0x0000000089100000, 0x0000000089200000|  0%| F|  |TAMS 0x0000000089100000, 0x0000000089100000| Untracked 
| 124|0x0000000089200000, 0x0000000089200000, 0x0000000089300000|  0%| F|  |TAMS 0x0000000089200000, 0x0000000089200000| Untracked 
| 125|0x0000000089300000, 0x0000000089332090, 0x0000000089400000| 19%| E|  |TAMS 0x0000000089300000, 0x0000000089300000| Complete 
| 126|0x0000000089400000, 0x0000000089500000, 0x0000000089500000|100%| E|CS|TAMS 0x0000000089400000, 0x0000000089400000| Complete 
| 127|0x0000000089500000, 0x0000000089600000, 0x0000000089600000|100%| E|CS|TAMS 0x0000000089500000, 0x0000000089500000| Complete 

Card table byte_map: [0x00000248412b0000,0x00000248416b0000] _byte_map_base: 0x0000024840ea5000

Marking Bits (Prev, Next): (CMBitMap*) 0x000002482a061260, (CMBitMap*) 0x000002482a0612a0
 Prev Bits: [0x0000024841ab0000, 0x0000024843a58000)
 Next Bits: [0x0000024843a60000, 0x0000024845a08000)

Polling page: 0x0000024827fc0000

Metaspace:

Usage:
  Non-class:     10.24 MB used.
      Class:      1.20 MB used.
       Both:     11.44 MB used.

Virtual space:
  Non-class space:       64.00 MB reserved,      10.38 MB ( 16%) committed,  1 nodes.
      Class space:        1.00 GB reserved,       1.31 MB ( <1%) committed,  1 nodes.
             Both:        1.06 GB reserved,      11.69 MB (  1%) committed. 

Chunk freelists:
   Non-Class:  5.67 MB
       Class:  14.67 MB
        Both:  20.34 MB

MaxMetaspaceSize: unlimited
CompressedClassSpaceSize: 1.00 GB
Initial GC threshold: 21.00 MB
Current GC threshold: 21.00 MB
CDS: on
MetaspaceReclaimPolicy: balanced
 - commit_granule_bytes: 65536.
 - commit_granule_words: 8192.
 - virtual_space_node_default_size: 8388608.
 - enlarge_chunks_in_place: 1.
 - new_chunks_are_fully_committed: 0.
 - uncommit_free_chunks: 1.
 - use_allocation_guard: 0.
 - handle_deallocations: 1.


Internal statistics:

num_allocs_failed_limit: 0.
num_arena_births: 164.
num_arena_deaths: 0.
num_vsnodes_births: 2.
num_vsnodes_deaths: 0.
num_space_committed: 185.
num_space_uncommitted: 0.
num_chunks_returned_to_freelist: 0.
num_chunks_taken_from_freelist: 266.
num_chunk_merges: 0.
num_chunk_splits: 169.
num_chunks_enlarged: 103.
num_inconsistent_stats: 0.

CodeHeap 'non-profiled nmethods': size=120000Kb used=518Kb max_used=518Kb free=119481Kb
 bounds [0x0000024839650000, 0x00000248398c0000, 0x0000024840b80000]
CodeHeap 'profiled nmethods': size=120000Kb used=2913Kb max_used=2913Kb free=117086Kb
 bounds [0x0000024831b80000, 0x0000024831e60000, 0x00000248390b0000]
CodeHeap 'non-nmethods': size=5760Kb used=1729Kb max_used=1751Kb free=4030Kb
 bounds [0x00000248390b0000, 0x0000024839320000, 0x0000024839650000]
 total_blobs=2873 nmethods=1671 adapters=1115
 compilation: enabled
              stopped_count=0, restarted_count=0
 full_count=0

Compilation events (20 events):
Event: 38.343 Thread 0x0000024848455420 1663       3       sun.java2d.pipe.Region::getIntersection (37 bytes)
Event: 38.344 Thread 0x0000024848455420 nmethod 1663 0x0000024831e54110 code [0x0000024831e54360, 0x0000024831e54fd8]
Event: 38.348 Thread 0x0000024848455420 1664       3       java.util.IdentityHashMap$IdentityHashMapIterator::<init> (63 bytes)
Event: 38.348 Thread 0x0000024848455420 nmethod 1664 0x0000024831e55290 code [0x0000024831e55440, 0x0000024831e556f8]
Event: 38.349 Thread 0x0000024848455420 1665       3       sun.java2d.pipe.Region::getIntersection (132 bytes)
Event: 38.349 Thread 0x0000024848455420 nmethod 1665 0x0000024831e55810 code [0x0000024831e55a20, 0x0000024831e560c8]
Event: 38.421 Thread 0x0000024848455420 1666       3       java.util.WeakHashMap::put (160 bytes)
Event: 38.424 Thread 0x0000024848455420 nmethod 1666 0x0000024831e56290 code [0x0000024831e56520, 0x0000024831e57568]
Event: 38.442 Thread 0x0000024848455420 1667       3       java.lang.invoke.LambdaForm$MH/0x000002484a013000::invoke (25 bytes)
Event: 38.443 Thread 0x0000024848455420 nmethod 1667 0x0000024831e57a90 code [0x0000024831e57c60, 0x0000024831e581b8]
Event: 38.456 Thread 0x0000024848453a50 1668       4       sun.awt.SunToolkit::getAppContext (42 bytes)
Event: 38.457 Thread 0x0000024848453a50 nmethod 1668 0x00000248396ceb90 code [0x00000248396ced20, 0x00000248396cedf8]
Event: 38.823 Thread 0x0000024848455420 1669       3       javax.swing.DefaultButtonModel::isArmed (15 bytes)
Event: 38.823 Thread 0x0000024848455420 nmethod 1669 0x0000024831e58310 code [0x0000024831e584a0, 0x0000024831e58618]
Event: 39.065 Thread 0x0000024848453a50 1670       4       java.awt.Container::getMouseEventTarget (50 bytes)
Event: 39.090 Thread 0x0000024848453a50 nmethod 1670 0x00000248396cef10 code [0x00000248396cf160, 0x00000248396d06c8]
Event: 39.228 Thread 0x0000024848453a50 1671       4       org.lwjgl.opengl.GL11::glClear (5 bytes)
Event: 39.229 Thread 0x0000024848453a50 nmethod 1671 0x00000248396d1410 code [0x00000248396d15a0, 0x00000248396d1628]
Event: 39.242 Thread 0x0000024848453a50 1672       4       org.lwjgl.glfw.GLFW::glfwPollEvents (9 bytes)
Event: 39.243 Thread 0x0000024848453a50 nmethod 1672 0x00000248396d1710 code [0x00000248396d18a0, 0x00000248396d1928]

GC Heap History (2 events):
Event: 38.196 GC heap before
{Heap before GC invocations=0 (full 0):
 garbage-first heap   total 131072K, used 30720K [0x0000000081600000, 0x0000000100000000)
  region size 1024K, 23 young (23552K), 0 survivors (0K)
 Metaspace       used 11707K, committed 11968K, reserved 1114112K
  class space    used 1229K, committed 1344K, reserved 1048576K
}
Event: 38.202 GC heap after
{Heap after GC invocations=1 (full 0):
 garbage-first heap   total 131072K, used 13516K [0x0000000081600000, 0x0000000100000000)
  region size 1024K, 3 young (3072K), 3 survivors (3072K)
 Metaspace       used 11707K, committed 11968K, reserved 1114112K
  class space    used 1229K, committed 1344K, reserved 1048576K
}

Dll operation events (11 events):
Event: 0.015 Loaded shared library C:\Program Files\Java\zulu17.44.15-ca-jdk17.0.8-win_x64\bin\java.dll
Event: 0.044 Loaded shared library C:\Program Files\Java\zulu17.44.15-ca-jdk17.0.8-win_x64\bin\jsvml.dll
Event: 0.157 Loaded shared library C:\Program Files\Java\zulu17.44.15-ca-jdk17.0.8-win_x64\bin\net.dll
Event: 0.161 Loaded shared library C:\Program Files\Java\zulu17.44.15-ca-jdk17.0.8-win_x64\bin\nio.dll
Event: 0.166 Loaded shared library C:\Program Files\Java\zulu17.44.15-ca-jdk17.0.8-win_x64\bin\zip.dll
Event: 0.279 Loaded shared library C:\Program Files\Java\zulu17.44.15-ca-jdk17.0.8-win_x64\bin\jimage.dll
Event: 0.302 Loaded shared library C:\Program Files\Java\zulu17.44.15-ca-jdk17.0.8-win_x64\bin\awt.dll
Event: 0.543 Loaded shared library C:\Program Files\Java\zulu17.44.15-ca-jdk17.0.8-win_x64\bin\freetype.dll
Event: 0.544 Loaded shared library C:\Program Files\Java\zulu17.44.15-ca-jdk17.0.8-win_x64\bin\fontmanager.dll
Event: 0.839 Loaded shared library C:\Users\Renan\AppData\Local\Temp\lwjgl_Renan\3.3.4+7\x64\lwjgl.dll
Event: 1.099 Loaded shared library C:\Users\Renan\AppData\Local\Temp\lwjgl_Renan\3.3.4+7\x64\lwjgl_opengl.dll

Deoptimization events (20 events):
Event: 14.213 Thread 0x000002488e146830 Uncommon trap: trap_request=0xffffff45 fr.pc=0x00000248396acc70 relative=0x0000000000000cf0
Event: 14.213 Thread 0x000002488e146830 Uncommon trap: reason=unstable_if action=reinterpret pc=0x00000248396acc70 method=java.awt.Container.findComponentAtImpl(IIZ)Ljava/awt/Component; @ 131 c2
Event: 14.213 Thread 0x000002488e146830 DEOPT PACKING pc=0x00000248396acc70 sp=0x000000c948efdd00
Event: 14.213 Thread 0x000002488e146830 DEOPT UNPACKING pc=0x00000248391069a3 sp=0x000000c948efdcb0 mode 2
Event: 15.416 Thread 0x000002488e0b44c0 Uncommon trap: trap_request=0xffffff45 fr.pc=0x00000248396b145c relative=0x00000000000000bc
Event: 15.416 Thread 0x000002488e0b44c0 Uncommon trap: reason=unstable_if action=reinterpret pc=0x00000248396b145c method=java.util.concurrent.locks.AbstractQueuedSynchronizer.signalNext(Ljava/util/concurrent/locks/AbstractQueuedSynchronizer$Node;)V @ 17 c2
Event: 15.416 Thread 0x000002488e0b44c0 DEOPT PACKING pc=0x00000248396b145c sp=0x000000c948dfdbc0
Event: 15.416 Thread 0x000002488e0b44c0 DEOPT UNPACKING pc=0x00000248391069a3 sp=0x000000c948dfdb50 mode 2
Event: 17.503 Thread 0x000002488e146830 Uncommon trap: trap_request=0xffffffde fr.pc=0x0000024839656fa8 relative=0x00000000000001a8
Event: 17.503 Thread 0x000002488e146830 Uncommon trap: reason=class_check action=maybe_recompile pc=0x0000024839656fa8 method=java.lang.String.equals(Ljava/lang/Object;)Z @ 8 c2
Event: 17.503 Thread 0x000002488e146830 DEOPT PACKING pc=0x0000024839656fa8 sp=0x000000c948efde90
Event: 17.503 Thread 0x000002488e146830 DEOPT UNPACKING pc=0x00000248391069a3 sp=0x000000c948efde38 mode 2
Event: 18.258 Thread 0x000002488e146830 Uncommon trap: trap_request=0xffffffde fr.pc=0x0000024839656fa8 relative=0x00000000000001a8
Event: 18.258 Thread 0x000002488e146830 Uncommon trap: reason=class_check action=maybe_recompile pc=0x0000024839656fa8 method=java.lang.String.equals(Ljava/lang/Object;)Z @ 8 c2
Event: 18.258 Thread 0x000002488e146830 DEOPT PACKING pc=0x0000024839656fa8 sp=0x000000c948efde50
Event: 18.258 Thread 0x000002488e146830 DEOPT UNPACKING pc=0x00000248391069a3 sp=0x000000c948efddf8 mode 2
Event: 44.289 Thread 0x000002489d65ec90 Uncommon trap: trap_request=0xffffff45 fr.pc=0x00000248396ca08c relative=0x000000000000006c
Event: 44.289 Thread 0x000002489d65ec90 Uncommon trap: reason=unstable_if action=reinterpret pc=0x00000248396ca08c method=org.lwjgl.glfw.GLFW.glfwWindowShouldClose(J)Z @ 20 c2
Event: 44.289 Thread 0x000002489d65ec90 DEOPT PACKING pc=0x00000248396ca08c sp=0x000000c94a7fefc0
Event: 44.289 Thread 0x000002489d65ec90 DEOPT UNPACKING pc=0x00000248391069a3 sp=0x000000c94a7fef50 mode 2

Classes unloaded (0 events):
No events

Classes redefined (0 events):
No events

Internal exceptions (20 events):
Event: 0.764 Thread 0x000002488e18bb10 Exception <a 'java/lang/NoSuchMethodError'{0x0000000088cac508}: 'void java.lang.invoke.DirectMethodHandle$Holder.invokeStatic(java.lang.Object, java.lang.Object)'> (0x0000000088cac508) 
thrown [s\src\hotspot\share\interpreter\linkResolver.cpp, line 759]
Event: 0.775 Thread 0x000002488e18bb10 Exception <a 'java/lang/NoSuchMethodError'{0x0000000088cbbee0}: 'java.lang.Object java.lang.invoke.DirectMethodHandle$Holder.invokeStatic(java.lang.Object, java.lang.Object, int)'> (0x0000000088cbbee0) 
thrown [s\src\hotspot\share\interpreter\linkResolver.cpp, line 759]
Event: 0.777 Thread 0x000002488e18bb10 Exception <a 'java/lang/NoSuchMethodError'{0x0000000088cc71a0}: 'void java.lang.invoke.DelegatingMethodHandle$Holder.delegate(java.lang.Object, java.lang.Object, int, java.lang.Object)'> (0x0000000088cc71a0) 
thrown [s\src\hotspot\share\interpreter\linkResolver.cpp, line 759]
Event: 0.778 Thread 0x000002488e18bb10 Exception <a 'java/lang/NoSuchMethodError'{0x0000000088ccb2e8}: 'int java.lang.invoke.DirectMethodHandle$Holder.invokeSpecial(java.lang.Object, java.lang.Object, java.lang.Object)'> (0x0000000088ccb2e8) 
thrown [s\src\hotspot\share\interpreter\linkResolver.cpp, line 759]
Event: 0.852 Thread 0x000002488e18bb10 Exception <a 'sun/nio/fs/WindowsException'{0x0000000088b1f7c0}> (0x0000000088b1f7c0) 
thrown [s\src\hotspot\share\prims\jni.cpp, line 516]
Event: 0.854 Thread 0x000002488e18bb10 Exception <a 'sun/nio/fs/WindowsException'{0x0000000088b1fd10}> (0x0000000088b1fd10) 
thrown [s\src\hotspot\share\prims\jni.cpp, line 516]
Event: 0.888 Thread 0x000002488e18bb10 Exception <a 'sun/nio/fs/WindowsException'{0x0000000088b7dfb0}> (0x0000000088b7dfb0) 
thrown [s\src\hotspot\share\prims\jni.cpp, line 516]
Event: 0.889 Thread 0x000002488e18bb10 Exception <a 'sun/nio/fs/WindowsException'{0x0000000088b7e310}> (0x0000000088b7e310) 
thrown [s\src\hotspot\share\prims\jni.cpp, line 516]
Event: 0.910 Thread 0x000002488e18bb10 Exception <a 'java/lang/NoSuchMethodError'{0x0000000088bc7df0}: 'int java.lang.invoke.DirectMethodHandle$Holder.invokeStaticInit(java.lang.Object, java.lang.Object, int, long)'> (0x0000000088bc7df0) 
thrown [s\src\hotspot\share\interpreter\linkResolver.cpp, line 759]
Event: 0.911 Thread 0x000002488e18bb10 Exception <a 'java/lang/NoSuchMethodError'{0x0000000088bcd6d8}: 'java.lang.Object java.lang.invoke.DirectMethodHandle$Holder.newInvokeSpecial(java.lang.Object, java.lang.Object, int)'> (0x0000000088bcd6d8) 
thrown [s\src\hotspot\share\interpreter\linkResolver.cpp, line 759]
Event: 0.914 Thread 0x000002488e18bb10 Exception <a 'java/lang/NoSuchMethodError'{0x0000000088bdbeb0}: 'int java.lang.invoke.DirectMethodHandle$Holder.invokeStaticInit(java.lang.Object, java.lang.Object, long, long)'> (0x0000000088bdbeb0) 
thrown [s\src\hotspot\share\interpreter\linkResolver.cpp, line 759]
Event: 0.915 Thread 0x000002488e18bb10 Exception <a 'java/lang/NoSuchMethodError'{0x0000000088be1b60}: 'java.lang.Object java.lang.invoke.DirectMethodHandle$Holder.newInvokeSpecial(java.lang.Object, java.lang.Object, long)'> (0x0000000088be1b60) 
thrown [s\src\hotspot\share\interpreter\linkResolver.cpp, line 759]
Event: 0.915 Thread 0x000002488e18bb10 Exception <a 'java/lang/NoSuchMethodError'{0x0000000088be56d0}: 'java.lang.Object java.lang.invoke.Invokers$Holder.linkToTargetMethod(java.lang.Object, long, java.lang.Object)'> (0x0000000088be56d0) 
thrown [s\src\hotspot\share\interpreter\linkResolver.cpp, line 759]
Event: 0.915 Thread 0x000002488e18bb10 Exception <a 'java/lang/NoSuchMethodError'{0x0000000088becf30}: 'int java.lang.invoke.DirectMethodHandle$Holder.invokeStaticInit(java.lang.Object, java.lang.Object, java.lang.Object, long)'> (0x0000000088becf30) 
thrown [s\src\hotspot\share\interpreter\linkResolver.cpp, line 759]
Event: 1.096 Thread 0x000002488e18bb10 Exception <a 'sun/nio/fs/WindowsException'{0x0000000088a8dae0}> (0x0000000088a8dae0) 
thrown [s\src\hotspot\share\prims\jni.cpp, line 516]
Event: 1.096 Thread 0x000002488e18bb10 Exception <a 'sun/nio/fs/WindowsException'{0x0000000088a8de80}> (0x0000000088a8de80) 
thrown [s\src\hotspot\share\prims\jni.cpp, line 516]
Event: 1.104 Thread 0x000002488e18bb10 Exception <a 'sun/nio/fs/WindowsException'{0x0000000088a9de28}> (0x0000000088a9de28) 
thrown [s\src\hotspot\share\prims\jni.cpp, line 516]
Event: 1.104 Thread 0x000002488e18bb10 Exception <a 'sun/nio/fs/WindowsException'{0x0000000088a9e0f8}> (0x0000000088a9e0f8) 
thrown [s\src\hotspot\share\prims\jni.cpp, line 516]
Event: 34.349 Thread 0x000002488e146830 Exception <a 'java/lang/NoSuchMethodError'{0x0000000088519aa8}: 'java.lang.Object java.lang.invoke.DirectMethodHandle$Holder.invokeStatic(java.lang.Object, java.lang.Object, double)'> (0x0000000088519aa8) 
thrown [s\src\hotspot\share\interpreter\linkResolver.cpp, line 759]
Event: 34.349 Thread 0x000002488e146830 Exception <a 'java/lang/NoSuchMethodError'{0x000000008851d4d8}: 'java.lang.Object java.lang.invoke.DirectMethodHandle$Holder.invokeStaticInit(java.lang.Object, java.lang.Object, double)'> (0x000000008851d4d8) 
thrown [s\src\hotspot\share\interpreter\linkResolver.cpp, line 759]

VM Operations (20 events):
Event: 18.240 Executing VM operation: Cleanup
Event: 18.241 Executing VM operation: Cleanup done
Event: 19.254 Executing VM operation: Cleanup
Event: 19.254 Executing VM operation: Cleanup done
Event: 20.262 Executing VM operation: Cleanup
Event: 20.262 Executing VM operation: Cleanup done
Event: 21.272 Executing VM operation: Cleanup
Event: 21.272 Executing VM operation: Cleanup done
Event: 34.402 Executing VM operation: Cleanup
Event: 34.402 Executing VM operation: Cleanup done
Event: 35.410 Executing VM operation: Cleanup
Event: 35.410 Executing VM operation: Cleanup done
Event: 36.423 Executing VM operation: Cleanup
Event: 36.424 Executing VM operation: Cleanup done
Event: 37.426 Executing VM operation: Cleanup
Event: 37.426 Executing VM operation: Cleanup done
Event: 38.196 Executing VM operation: G1CollectForAllocation
Event: 38.202 Executing VM operation: G1CollectForAllocation done
Event: 39.210 Executing VM operation: Cleanup
Event: 39.210 Executing VM operation: Cleanup done

Events (20 events):
Event: 34.278 loading class java/awt/font/TextHitInfo done
Event: 34.344 loading class jdk/internal/math/FloatingDecimal$ASCIIToBinaryBuffer
Event: 34.344 loading class jdk/internal/math/FloatingDecimal$ASCIIToBinaryBuffer done
Event: 34.352 Thread 0x0000024894e1cbc0 Thread added: 0x0000024894e1cbc0
Event: 35.705 Thread 0x000002484872dc10 Thread added: 0x000002484872dc10
Event: 36.160 Thread 0x00000248955c0550 Thread added: 0x00000248955c0550
Event: 36.481 Thread 0x0000024895904a50 Thread added: 0x0000024895904a50
Event: 36.780 Thread 0x0000024898af06d0 Thread added: 0x0000024898af06d0
Event: 36.912 Thread 0x0000024898add710 Thread added: 0x0000024898add710
Event: 37.052 Thread 0x0000024898f4cfa0 Thread added: 0x0000024898f4cfa0
Event: 37.129 Thread 0x0000024898f678e0 Thread added: 0x0000024898f678e0
Event: 37.293 Thread 0x00000248994cc4c0 Thread added: 0x00000248994cc4c0
Event: 37.544 Thread 0x00000248998ad240 Thread added: 0x00000248998ad240
Event: 37.681 Thread 0x00000248998bde90 Thread added: 0x00000248998bde90
Event: 37.775 Thread 0x000002489cfe82a0 Thread added: 0x000002489cfe82a0
Event: 37.946 Thread 0x000002489cfd9ed0 Thread added: 0x000002489cfd9ed0
Event: 38.072 Thread 0x000002489d65ec90 Thread added: 0x000002489d65ec90
Event: 38.202 Thread 0x000002489d6795d0 Thread added: 0x000002489d6795d0
Event: 38.341 Thread 0x000002489d683ce0 Thread added: 0x000002489d683ce0
Event: 38.457 Thread 0x00000248a347c7f0 Thread added: 0x00000248a347c7f0


Dynamic libraries:
0x00007ff7351c0000 - 0x00007ff7351ce000 	C:\Program Files\Java\zulu17.44.15-ca-jdk17.0.8-win_x64\bin\javaw.exe
0x00007ff801c10000 - 0x00007ff801e27000 	C:\WINDOWS\SYSTEM32\ntdll.dll
0x00007ffffff20000 - 0x00007ffffffe4000 	C:\WINDOWS\System32\KERNEL32.DLL
0x00007ffffef20000 - 0x00007fffff2d9000 	C:\WINDOWS\System32\KERNELBASE.dll
0x00007fffff540000 - 0x00007fffff651000 	C:\WINDOWS\System32\ucrtbase.dll
0x00007fffeaee0000 - 0x00007fffeaefb000 	C:\Program Files\Java\zulu17.44.15-ca-jdk17.0.8-win_x64\bin\VCRUNTIME140.dll
0x00007fffeaec0000 - 0x00007fffeaed9000 	C:\Program Files\Java\zulu17.44.15-ca-jdk17.0.8-win_x64\bin\jli.dll
0x00007ff801290000 - 0x00007ff80143e000 	C:\WINDOWS\System32\USER32.dll
0x00007ff800010000 - 0x00007ff800036000 	C:\WINDOWS\System32\win32u.dll
0x00007ff801260000 - 0x00007ff801289000 	C:\WINDOWS\System32\GDI32.dll
0x00007fffff720000 - 0x00007fffff83b000 	C:\WINDOWS\System32\gdi32full.dll
0x00007fffff840000 - 0x00007fffff8da000 	C:\WINDOWS\System32\msvcp_win.dll
0x00007fffe9490000 - 0x00007fffe9722000 	C:\WINDOWS\WinSxS\amd64_microsoft.windows.common-controls_6595b64144ccf1df_6.0.22621.4391_none_2715d37f73803e96\COMCTL32.dll
0x00007ff800260000 - 0x00007ff800307000 	C:\WINDOWS\System32\msvcrt.dll
0x00007ff800040000 - 0x00007ff800071000 	C:\WINDOWS\System32\IMM32.DLL
0x00007fffea570000 - 0x00007fffea57c000 	C:\Program Files\Java\zulu17.44.15-ca-jdk17.0.8-win_x64\bin\vcruntime140_1.dll
0x00007fffcac90000 - 0x00007fffcad1d000 	C:\Program Files\Java\zulu17.44.15-ca-jdk17.0.8-win_x64\bin\msvcp140.dll
0x00007fffaba10000 - 0x00007fffac678000 	C:\Program Files\Java\zulu17.44.15-ca-jdk17.0.8-win_x64\bin\server\jvm.dll
0x00007ff801060000 - 0x00007ff801112000 	C:\WINDOWS\System32\ADVAPI32.dll
0x00007ff800540000 - 0x00007ff8005e7000 	C:\WINDOWS\System32\sechost.dll
0x00007ffffeef0000 - 0x00007ffffef18000 	C:\WINDOWS\System32\bcrypt.dll
0x00007ff800310000 - 0x00007ff800424000 	C:\WINDOWS\System32\RPCRT4.dll
0x00007ffffdd50000 - 0x00007ffffdd9d000 	C:\WINDOWS\SYSTEM32\POWRPROF.dll
0x00007ffff5310000 - 0x00007ffff5344000 	C:\WINDOWS\SYSTEM32\WINMM.dll
0x00007ffff43b0000 - 0x00007ffff43ba000 	C:\WINDOWS\SYSTEM32\VERSION.dll
0x00007ffff8170000 - 0x00007ffff8179000 	C:\WINDOWS\SYSTEM32\WSOCK32.dll
0x00007ff801440000 - 0x00007ff8014b1000 	C:\WINDOWS\System32\WS2_32.dll
0x00007ffffdd30000 - 0x00007ffffdd43000 	C:\WINDOWS\SYSTEM32\UMPDC.dll
0x00007ffffdff0000 - 0x00007ffffe008000 	C:\WINDOWS\SYSTEM32\kernel.appcore.dll
0x00007fffeaeb0000 - 0x00007fffeaeba000 	C:\Program Files\Java\zulu17.44.15-ca-jdk17.0.8-win_x64\bin\jimage.dll
0x00007ffffc530000 - 0x00007ffffc762000 	C:\WINDOWS\SYSTEM32\DBGHELP.DLL
0x00007ff8014c0000 - 0x00007ff80184f000 	C:\WINDOWS\System32\combase.dll
0x00007ff801120000 - 0x00007ff8011f7000 	C:\WINDOWS\System32\OLEAUT32.dll
0x00007fffdbf40000 - 0x00007fffdbf72000 	C:\WINDOWS\SYSTEM32\dbgcore.DLL
0x00007fffff4c0000 - 0x00007fffff53b000 	C:\WINDOWS\System32\bcryptPrimitives.dll
0x00007fffd8510000 - 0x00007fffd8535000 	C:\Program Files\Java\zulu17.44.15-ca-jdk17.0.8-win_x64\bin\java.dll
0x00007fffbf690000 - 0x00007fffbf767000 	C:\Program Files\Java\zulu17.44.15-ca-jdk17.0.8-win_x64\bin\jsvml.dll
0x00007ff8007e0000 - 0x00007ff801056000 	C:\WINDOWS\System32\SHELL32.dll
0x00007ffffce00000 - 0x00007ffffd703000 	C:\WINDOWS\SYSTEM32\windows.storage.dll
0x00007ffffccc0000 - 0x00007ffffcdff000 	C:\WINDOWS\SYSTEM32\wintypes.dll
0x00007ff800440000 - 0x00007ff800539000 	C:\WINDOWS\System32\SHCORE.dll
0x00007ff801200000 - 0x00007ff80125e000 	C:\WINDOWS\System32\shlwapi.dll
0x00007ffffee30000 - 0x00007ffffee5b000 	C:\WINDOWS\SYSTEM32\profapi.dll
0x00007fffdc070000 - 0x00007fffdc089000 	C:\Program Files\Java\zulu17.44.15-ca-jdk17.0.8-win_x64\bin\net.dll
0x00007ffff5400000 - 0x00007ffff5536000 	C:\WINDOWS\SYSTEM32\WINHTTP.dll
0x00007ffffe470000 - 0x00007ffffe4d9000 	C:\WINDOWS\system32\mswsock.dll
0x00007fffd7d00000 - 0x00007fffd7d16000 	C:\Program Files\Java\zulu17.44.15-ca-jdk17.0.8-win_x64\bin\nio.dll
0x00007fffce160000 - 0x00007fffce178000 	C:\Program Files\Java\zulu17.44.15-ca-jdk17.0.8-win_x64\bin\zip.dll
0x00007fffc29f0000 - 0x00007fffc2b7f000 	C:\Program Files\Java\zulu17.44.15-ca-jdk17.0.8-win_x64\bin\awt.dll
0x00007ffff7da0000 - 0x00007ffff7e37000 	C:\WINDOWS\SYSTEM32\apphelp.dll
0x00007ffffc4f0000 - 0x00007ffffc51b000 	C:\WINDOWS\system32\DWMAPI.DLL
0x00007ffffc010000 - 0x00007ffffc0c1000 	C:\WINDOWS\system32\uxtheme.dll
0x00007fffcf740000 - 0x00007fffcf840000 	C:\WINDOWS\system32\opengl32.dll
0x00007fffcf8f0000 - 0x00007fffcf91d000 	C:\WINDOWS\SYSTEM32\GLU32.dll
0x00007ffffc100000 - 0x00007ffffc137000 	C:\WINDOWS\SYSTEM32\dxcore.dll
0x00007ff800610000 - 0x00007ff800770000 	C:\WINDOWS\System32\MSCTF.dll
0x00007ff8018d0000 - 0x00007ff801a75000 	C:\WINDOWS\System32\ole32.dll
0x00007fffca6b0000 - 0x00007fffca736000 	C:\Program Files\Java\zulu17.44.15-ca-jdk17.0.8-win_x64\bin\freetype.dll
0x00007fffc23e0000 - 0x00007fffc24b3000 	C:\Program Files\Java\zulu17.44.15-ca-jdk17.0.8-win_x64\bin\fontmanager.dll
0x00007fffedd50000 - 0x00007fffede95000 	C:\WINDOWS\SYSTEM32\textinputframework.dll
0x00007ffff7780000 - 0x00007ffff78b3000 	C:\WINDOWS\SYSTEM32\CoreMessaging.dll
0x00007ffff3250000 - 0x00007ffff35bd000 	C:\WINDOWS\SYSTEM32\CoreUIComponents.dll
0x00007ffffe690000 - 0x00007ffffe69c000 	C:\WINDOWS\SYSTEM32\CRYPTBASE.DLL
0x00007fffc1ec0000 - 0x00007fffc1f3b000 	C:\Users\Renan\AppData\Local\Temp\lwjgl_Renan\3.3.4+7\x64\lwjgl.dll
0x00007fffc1e30000 - 0x00007fffc1eb5000 	C:\Users\Renan\AppData\Local\Temp\lwjgl_Renan\3.3.4+7\x64\glfw.dll
0x00007fffca820000 - 0x00007fffca866000 	C:\WINDOWS\SYSTEM32\dinput8.dll
0x00007fffdba20000 - 0x00007fffdba31000 	C:\WINDOWS\SYSTEM32\xinput1_4.dll
0x00007ffffebc0000 - 0x00007ffffebec000 	C:\WINDOWS\SYSTEM32\DEVOBJ.dll
0x00007ffffec10000 - 0x00007ffffec5e000 	C:\WINDOWS\SYSTEM32\cfgmgr32.dll
0x00007fffea7c0000 - 0x00007fffea9d3000 	C:\WINDOWS\SYSTEM32\inputhost.dll
0x00007ffff3b70000 - 0x00007ffff3bb9000 	C:\WINDOWS\SYSTEM32\directxdatabasehelper.dll
0x00007ff8001b0000 - 0x00007ff800260000 	C:\WINDOWS\System32\clbcatq.dll
0x00007ffff4510000 - 0x00007ffff4654000 	C:\Windows\System32\AppXDeploymentClient.dll
0x00007fff7fd40000 - 0x00007fff80c5b000 	C:\Windows\System32\DriverStore\FileRepository\iigd_dch.inf_amd64_1173fb820fd297ac\ig9icd64.dll
0x00007ffffc200000 - 0x00007ffffc2f7000 	C:\WINDOWS\system32\dxgi.dll
0x00007fffeda50000 - 0x00007fffedbf4000 	C:\Windows\System32\DriverStore\FileRepository\iigd_dch.inf_amd64_1173fb820fd297ac\igdgmm64.dll
0x00007fffeb5b0000 - 0x00007fffeda4b000 	C:\Windows\System32\DriverStore\FileRepository\iigd_dch.inf_amd64_1173fb820fd297ac\igc64.dll
0x00007fffc2980000 - 0x00007fffc29e1000 	C:\Users\Renan\AppData\Local\Temp\lwjgl_Renan\3.3.4+7\x64\lwjgl_opengl.dll
0x00007ffffbdb0000 - 0x00007ffffbf60000 	C:\WINDOWS\SYSTEM32\WindowsCodecs.dll
0x00007fffcbde0000 - 0x00007fffcbe3e000 	C:\WINDOWS\system32\dataexchange.dll
0x00007ffff10f0000 - 0x00007ffff1394000 	C:\WINDOWS\system32\twinapi.appcore.dll

dbghelp: loaded successfully - version: 4.0.5 - missing functions: none
symbol engine: initialized successfully - sym options: 0x614 - pdb path: .;C:\Program Files\Java\zulu17.44.15-ca-jdk17.0.8-win_x64\bin;C:\WINDOWS\SYSTEM32;C:\WINDOWS\WinSxS\amd64_microsoft.windows.common-controls_6595b64144ccf1df_6.0.22621.4391_none_2715d37f73803e96;C:\Program Files\Java\zulu17.44.15-ca-jdk17.0.8-win_x64\bin\server;C:\Users\Renan\AppData\Local\Temp\lwjgl_Renan\3.3.4+7\x64;C:\Windows\System32\DriverStore\FileRepository\iigd_dch.inf_amd64_1173fb820fd297ac

VM Arguments:
jvm_args: -Dfile.encoding=UTF-8 -Dstdout.encoding=UTF-8 -Dstderr.encoding=UTF-8 -XX:+ShowCodeDetailsInExceptionMessages 
java_command: project_cg.drivers.Main3DViewer
java_class_path (initial): C:\Users\Renan\Pictures\Universidade\Projetinhos VSCode\TudoEmComputacaoGrafica\computer-graphics\ProjetinhoElipseCG\LWJGL\gluegen-rt.jar;C:\Users\Renan\Pictures\Universidade\Projetinhos VSCode\TudoEmComputacaoGrafica\computer-graphics\ProjetinhoElipseCG\LWJGL\gluegen-rt-natives-windows-amd64.jar;C:\Users\Renan\Pictures\Universidade\Projetinhos VSCode\TudoEmComputacaoGrafica\computer-graphics\ProjetinhoElipseCG\LWJGL\jogl-all.jar;C:\Users\Renan\Pictures\Universidade\Projetinhos VSCode\TudoEmComputacaoGrafica\computer-graphics\ProjetinhoElipseCG\LWJGL\jogl-all-natives-windows-amd64.jar;C:\Users\Renan\Pictures\Universidade\Projetinhos VSCode\TudoEmComputacaoGrafica\computer-graphics\ProjetinhoElipseCG\LWJGL\joml-1.10.7.jar;C:\Users\Renan\Pictures\Universidade\Projetinhos VSCode\TudoEmComputacaoGrafica\computer-graphics\ProjetinhoElipseCG\LWJGL\joml-1.10.7-javadoc.jar;C:\Users\Renan\Pictures\Universidade\Projetinhos VSCode\TudoEmComputacaoGrafica\computer-graphics\ProjetinhoElipseCG\LWJGL\joml-1.10.7-sources.jar;C:\Users\Renan\Pictures\Universidade\Projetinhos VSCode\TudoEmComputacaoGrafica\computer-graphics\ProjetinhoElipseCG\LWJGL\lwjgl.jar;C:\Users\Renan\Pictures\Universidade\Projetinhos VSCode\TudoEmComputacaoGrafica\computer-graphics\ProjetinhoElipseCG\LWJGL\lwjgl-assimp.jar;C:\Users\Renan\Pictures\Universidade\Projetinhos VSCode\TudoEmComputacaoGrafica\computer-graphics\ProjetinhoElipseCG\LWJGL\lwjgl-assimp-javadoc.jar;C:\Users\Renan\Pictures\Universidade\Projetinhos VSCode\TudoEmComputacaoGrafica\computer-graphics\ProjetinhoElipseCG\LWJGL\lwjgl-assimp-natives-windows.jar;C:\Users\Renan\Pictures\Universidade\Projetinhos VSCode\TudoEmComputacaoGrafica\computer-graphics\ProjetinhoElipseCG\LWJGL\lwjgl-assimp-sources.jar;C:\Users\Renan\Pictures\Universidade\Projetinhos VSCode\TudoEmComputacaoGrafica\computer-graphics\ProjetinhoElipseCG\LWJGL\lwjgl-bgfx.jar;C:\Users\Renan\Pictures\Universidade\Projetinhos VSCode\TudoEmComputacaoGrafica\com
Launcher Type: SUN_STANDARD

[Global flags]
     intx CICompilerCount                          = 4                                         {product} {ergonomic}
     uint ConcGCThreads                            = 2                                         {product} {ergonomic}
     uint G1ConcRefinementThreads                  = 8                                         {product} {ergonomic}
   size_t G1HeapRegionSize                         = 1048576                                   {product} {ergonomic}
    uintx GCDrainStackTargetSize                   = 64                                        {product} {ergonomic}
   size_t InitialHeapSize                          = 134217728                                 {product} {ergonomic}
   size_t MarkStackSize                            = 4194304                                   {product} {ergonomic}
   size_t MaxHeapSize                              = 2124414976                                {product} {ergonomic}
   size_t MaxNewSize                               = 1274019840                                {product} {ergonomic}
   size_t MinHeapDeltaBytes                        = 1048576                                   {product} {ergonomic}
   size_t MinHeapSize                              = 8388608                                   {product} {ergonomic}
    uintx NonNMethodCodeHeapSize                   = 5839372                                {pd product} {ergonomic}
    uintx NonProfiledCodeHeapSize                  = 122909434                              {pd product} {ergonomic}
    uintx ProfiledCodeHeapSize                     = 122909434                              {pd product} {ergonomic}
    uintx ReservedCodeCacheSize                    = 251658240                              {pd product} {ergonomic}
     bool SegmentedCodeCache                       = true                                      {product} {ergonomic}
     bool ShowCodeDetailsInExceptionMessages       = true                                   {manageable} {command line}
   size_t SoftMaxHeapSize                          = 2124414976                             {manageable} {ergonomic}
     bool UseCompressedClassPointers               = true                           {product lp64_product} {ergonomic}
     bool UseCompressedOops                        = true                           {product lp64_product} {ergonomic}
     bool UseG1GC                                  = true                                      {product} {ergonomic}
     bool UseLargePagesIndividualAllocation        = false                                  {pd product} {ergonomic}

Logging:
Log output configuration:
 #0: stdout all=warning uptime,level,tags
 #1: stderr all=off uptime,level,tags

Environment Variables:
JAVA_HOME=C:\Program Files\Java\zulu17.44.15-ca-jdk17.0.8-win_x64
PATH=C:/Program Files/Java/zulu17.44.15-ca-jdk17.0.8-win_x64/bin/server;C:/Program Files/Java/zulu17.44.15-ca-jdk17.0.8-win_x64/bin;C:\Program Files\Java\zulu17.44.15-ca-jdk17.0.8-win_x64\bin;C:\WINDOWS\system32;C:\WINDOWS;C:\WINDOWS\System32\Wbem;C:\WINDOWS\System32\WindowsPowerShell\v1.0\;C:\WINDOWS\System32\OpenSSH\;C:\Program Files\Git\cmd;C:\Program Files\nodejs\;C:\Program Files\dotnet\;C:\D\dmd2\windows\bin64;C:\D\dmd2\windows\bin;C:\Program Files\Docker\Docker\resources\bin;C:\Users\Renan;C:\Users\Renan\AppData\Local\Programs\Python\Python311\Scripts\;C:\Users\Renan\AppData\Local\Programs\Python\Python311\;C:\Users\Renan\AppData\Local\Microsoft\WindowsApps;C:\Users\Renan\AppData\Local\Programs\Microsoft VS Code\bin;C:\Users\Renan\AppData\Local\GitHubDesktop\bin;C:\Users\Renan\AppData\Roaming\npm;C:\Users\Renan\.lein\self-installs;;C:\Program Files\JetBrains\IntelliJ IDEA Community Edition 2024.1.1\bin;;C:\Users\Renan\Desktop;
USERNAME=Renan
OS=Windows_NT
PROCESSOR_IDENTIFIER=Intel64 Family 6 Model 142 Stepping 10, GenuineIntel
TMP=C:\Users\Renan\AppData\Local\Temp
TEMP=C:\Users\Renan\AppData\Local\Temp



---------------  S Y S T E M  ---------------

OS:
 Windows 11 , 64 bit Build 22621 (10.0.22621.4391)
OS uptime: 4 days 7:04 hours
Hyper-V role detected

CPU: total 8 (initial active 8) (4 cores per cpu, 2 threads per core) family 6 model 142 stepping 10 microcode 0xe0, cx8, cmov, fxsr, ht, mmx, 3dnowpref, sse, sse2, sse3, ssse3, sse4.1, sse4.2, popcnt, lzcnt, tsc, tscinvbit, avx, avx2, aes, erms, clmul, bmi1, bmi2, adx, fma, vzeroupper, clflush, clflushopt, hv
Processor Information for all 8 processors :
  Max Mhz: 1800, Current Mhz: 1600, Mhz Limit: 1584

Memory: 4k page, system-wide physical 8102M (601M free)
TotalPageFile size 14502M (AvailPageFile size 2595M)
current process WorkingSet (physical memory assigned to process): 371M, peak: 379M
current process commit charge ("private bytes"): 352M, peak: 352M

vm_info: OpenJDK 64-Bit Server VM (17.0.8+7-LTS) for windows-amd64 JRE (17.0.8+7-LTS) (Zulu17.44+15-CA), built on Jul  5 2023 07:56:11 by "zulu_re" with MS VC++ 16.10 / 16.11 (VS2019)

END.
