#
# A fatal error has been detected by the Java Runtime Environment:
#
#  EXCEPTION_ACCESS_VIOLATION (0xc0000005) at pc=0x00007fffc29a7403, pid=15224, tid=8880
#
# JRE version: OpenJDK Runtime Environment Zulu17.44+15-CA (17.0.8+7) (build 17.0.8+7-LTS)
# Java VM: OpenJDK 64-Bit Server VM Zulu17.44+15-CA (17.0.8+7-LTS, mixed mode, sharing, tiered, compressed oops, compressed class ptrs, g1 gc, windows-amd64)
# Problematic frame:
# C  [glfw.dll+0x7403]
#
# No core dump will be written. Minidumps are not enabled by default on client versions of Windows
#
# If you would like to submit a bug report, please visit:
#   http://www.azul.com/support/
# The crash happened outside the Java Virtual Machine in native code.
# See problematic frame for where to report the bug.
#

---------------  S U M M A R Y ------------

Command Line: -Dfile.encoding=UTF-8 -Dstdout.encoding=UTF-8 -Dstderr.encoding=UTF-8 -XX:+ShowCodeDetailsInExceptionMessages project_cg.drivers.Main3DViewer

Host: Intel(R) Core(TM) i5-8250U CPU @ 1.60GHz, 8 cores, 7G,  Windows 11 , 64 bit Build 22621 (10.0.22621.4391)
Time: Sun Nov 17 16:37:59 2024 Hora oficial do Brasil elapsed time: 33.766382 seconds (0d 0h 0m 33s)

---------------  T H R E A D  ---------------

Current thread (0x0000028ec9bb7de0):  JavaThread "Thread-1" [_thread_in_native, id=8880, stack(0x000000cfb8f00000,0x000000cfb9000000)]

Stack: [0x000000cfb8f00000,0x000000cfb9000000],  sp=0x000000cfb8ffef10,  free space=1019k
Native frames: (J=compiled Java code, j=interpreted, Vv=VM code, C=native code)
C  [glfw.dll+0x7403]

Java frames: (J=compiled Java code, j=interpreted, Vv=VM code)
J 1304  org.lwjgl.system.JNI.invokePV(JJ)V (0 bytes) @ 0x0000028eed63e86c [0x0000028eed63e820+0x000000000000004c]
j  org.lwjgl.glfw.GLFW.glfwDestroyWindow(J)V+6
j  project_cg.drivers.tudo3D.geometry3d.planeCartesians3d.CartesianPlane3D.run([Lproject_cg/drivers/tudo3D/geometry3d/points3d/Point3D;)V+17
j  project_cg.drivers.tudo3D.transformations3dinputs.Rotation3DInputs.lambda$3([Lproject_cg/drivers/tudo3D/geometry3d/points3d/Point3D;)V+5
j  project_cg.drivers.tudo3D.transformations3dinputs.Rotation3DInputs$$Lambda$155+0x0000028e81145088.run()V+8
j  java.lang.Thread.run()V+11 java.base@17.0.8
v  ~StubRoutines::call_stub

siginfo: EXCEPTION_ACCESS_VIOLATION (0xc0000005), reading address 0x0000000000000000


Register to memory mapping:

RIP=0x00007fffc29a7403 glfw.dll
RAX=0x0 is NULL
RBX={method} {0x0000028ec175acd8} 'invokePV' '(JJ)V' in 'org/lwjgl/system/JNI'
RCX=0x0 is NULL
RDX=0x000000cfb8ffef90 is pointing into the stack for thread: 0x0000028ec9bb7de0
RSP=0x000000cfb8ffef10 is pointing into the stack for thread: 0x0000028ec9bb7de0
RBP=0x000000cfb8ffefa0 is pointing into the stack for thread: 0x0000028ec9bb7de0
RSI=0x0000028ece9d3c90 points into unknown readable memory: 0x0000028ece9cea70 | 70 ea 9c ce 8e 02 00 00
RDI=0x000000000000478e is an unknown value
R8 =0x0000028ece9d3c90 points into unknown readable memory: 0x0000028ece9cea70 | 70 ea 9c ce 8e 02 00 00
R9 =0x00007fffc29a7370 glfw.dll
R10=0x00007fffca6c1320 lwjgl.dll
R11=0x0000028eed63e840 is at entry_point+32 in (nmethod*)0x0000028eed63e690
R12=0x0 is NULL
R13=0x000000cfb8ffefc0 is pointing into the stack for thread: 0x0000028ec9bb7de0
R14=0x000000cfb8ffef90 is pointing into the stack for thread: 0x0000028ec9bb7de0
R15=0x0000028ec9bb7de0 is a thread


Registers:
RAX=0x0000000000000000, RBX=0x0000028ec175acd0, RCX=0x0000000000000000, RDX=0x000000cfb8ffef90
RSP=0x000000cfb8ffef10, RBP=0x000000cfb8ffefa0, RSI=0x0000028ece9d3c90, RDI=0x000000000000478e
R8 =0x0000028ece9d3c90, R9 =0x00007fffc29a7370, R10=0x00007fffca6c1320, R11=0x0000028eed63e840
R12=0x0000000000000000, R13=0x000000cfb8ffefc0, R14=0x000000cfb8ffef90, R15=0x0000028ec9bb7de0
RIP=0x00007fffc29a7403, EFLAGS=0x0000000000010283

Top of Stack: (sp=0x000000cfb8ffef10)
0x000000cfb8ffef10:   0000cb6ffeff434f 0000028ec142b2a0
0x000000cfb8ffef20:   000000cfb8ffefc0 00000000000006cc
0x000000cfb8ffef30:   0000000000000110 0000028eed63e90c
0x000000cfb8ffef40:   000000cfb8ffefc8 0000028eed049612
0x000000cfb8ffef50:   000000cfb8ffefc8 0000028eed049612
0x000000cfb8ffef60:   00007fffc29a7970 0000000000000000
0x000000cfb8ffef70:   0000028ece9d3c90 0000000000000001
0x000000cfb8ffef80:   000000cfb8ffef80 0000028ec1427831
0x000000cfb8ffef90:   0000000088a303f0 0000028ec143b380
0x000000cfb8ffefa0:   000000cfb8fff028 0000028eed0494fe
0x000000cfb8ffefb0:   0000028ec1427870 0000028eed0494fe
0x000000cfb8ffefc0:   00007fffc29a7370 0000000000000000
0x000000cfb8ffefd0:   0000028ece9d3c90 0000000000000000
0x000000cfb8ffefe0:   000000cfb8ffefe0 0000028ec1427746
0x000000cfb8ffeff0:   000000cfb8fff050 0000028ec143b380
0x000000cfb8fff000:   0000000000000000 0000000088d1ffa0 

Instructions: (pc=0x00007fffc29a7403)
0x00007fffc29a7303:   8d 44 24 20 4c 8d 4c 24 60 48 89 d9 ff 15 e3 04
0x00007fffc29a7313:   07 00 85 c0 75 33 48 89 d9 e8 4f 00 00 00 eb 27
0x00007fffc29a7323:   31 db b9 01 00 01 00 31 d2 e8 5f ac ff ff eb 19
0x00007fffc29a7333:   48 8d 15 8a 4b 06 00 b9 04 00 01 00 41 89 e8 41
0x00007fffc29a7343:   89 f1 e8 46 ac ff ff 31 db 48 8b 8c 24 08 05 00
0x00007fffc29a7353:   00 48 31 e1 e8 c4 ed 00 00 48 89 d8 48 81 c4 10
0x00007fffc29a7363:   05 00 00 5b 5d 5f 5e 41 5e c3 cc cc cc 56 48 83
0x00007fffc29a7373:   ec 20 83 3d 4c 03 07 00 00 0f 84 c7 00 00 00 48
0x00007fffc29a7383:   89 ce 48 85 c9 0f 84 c7 00 00 00 0f 57 c0 0f 11
0x00007fffc29a7393:   86 c8 03 00 00 0f 11 86 b8 03 00 00 0f 11 86 a8
0x00007fffc29a73a3:   03 00 00 0f 11 86 98 03 00 00 0f 11 86 88 03 00
0x00007fffc29a73b3:   00 0f 11 86 78 03 00 00 0f 11 86 68 03 00 00 0f
0x00007fffc29a73c3:   11 86 58 03 00 00 0f 11 86 48 03 00 00 0f 11 86
0x00007fffc29a73d3:   38 03 00 00 48 8d 0d be 1c 07 00 e8 2d 40 00 00
0x00007fffc29a73e3:   48 39 f0 75 07 31 c9 e8 81 a5 ff ff 48 89 f1 ff
0x00007fffc29a73f3:   15 08 04 07 00 48 8d 0d 71 0a 07 00 90 48 89 c8
0x00007fffc29a7403:   48 8b 09 48 39 f1 75 f5 48 8b 0e 48 89 08 48 8b
0x00007fffc29a7413:   8e e0 02 00 00 48 85 c9 74 05 e8 1e af ff ff 48
0x00007fffc29a7423:   8b 8e f0 02 00 00 48 85 c9 74 05 e8 0d af ff ff
0x00007fffc29a7433:   48 8b 4e 60 e8 04 af ff ff 48 89 f1 48 83 c4 20
0x00007fffc29a7443:   5e e9 f7 ae ff ff b9 01 00 01 00 31 d2 e8 3b ab
0x00007fffc29a7453:   ff ff 90 48 83 c4 20 5e c3 cc cc cc cc 48 83 ec
0x00007fffc29a7463:   38 0f 29 74 24 20 83 3d 58 02 07 00 00 0f 84 cc
0x00007fffc29a7473:   00 00 00 0f 57 f6 0f 11 35 c0 09 07 00 0f 11 35
0x00007fffc29a7483:   a9 09 07 00 48 c7 05 be 09 07 00 00 00 00 00 0f
0x00007fffc29a7493:   28 05 f7 ac 02 00 0f 11 05 80 09 07 00 48 8d 0d
0x00007fffc29a74a3:   29 05 07 00 41 b8 50 04 00 00 31 d2 e8 4c a1 02
0x00007fffc29a74b3:   00 0f 28 05 e5 ac 02 00 0f 11 05 1e 05 07 00 c7
0x00007fffc29a74c3:   05 24 05 07 00 01 00 00 00 48 b8 01 00 00 00 01
0x00007fffc29a74d3:   00 00 00 48 89 05 1f 05 07 00 48 b8 00 00 00 80
0x00007fffc29a74e3:   00 00 00 80 48 89 05 da 04 07 00 c7 05 14 05 07
0x00007fffc29a74f3:   00 01 00 00 00 0f 11 35 b9 04 07 00 0f 11 35 92 


Stack slot to memory mapping:
stack at sp + 0 slots: 0x0000cb6ffeff434f is an unknown value
stack at sp + 1 slots: {method} {0x0000028ec142b2a8} 'glfwPollEvents' '()V' in 'org/lwjgl/glfw/GLFW'
stack at sp + 2 slots: 0x000000cfb8ffefc0 is pointing into the stack for thread: 0x0000028ec9bb7de0
stack at sp + 3 slots: 0x00000000000006cc is an unknown value
stack at sp + 4 slots: 0x0000000000000110 is an unknown value
stack at sp + 5 slots: 0x0000028eed63e90c is at entry_point+236 in (nmethod*)0x0000028eed63e690
stack at sp + 6 slots: 0x000000cfb8ffefc8 is pointing into the stack for thread: 0x0000028ec9bb7de0
stack at sp + 7 slots: 0x0000028eed049612 is at code_begin+1394 in an Interpreter codelet
return entry points  [0x0000028eed0490a0, 0x0000028eed049ba0]  2816 bytes


---------------  P R O C E S S  ---------------

Threads class SMR info:
_java_thread_list=0x0000028ec99e3680, length=29, elements={
0x0000028efc305f60, 0x0000028efc306de0, 0x0000028efc31b5b0, 0x0000028efc31bf70,
0x0000028efc31dd40, 0x0000028efc31e700, 0x0000028efc3276c0, 0x0000028efc32be90,
0x0000028efc572090, 0x0000028efc6a00d0, 0x0000028efc6b95e0, 0x0000028efca475b0,
0x0000028efca5bff0, 0x0000028efca5c820, 0x0000028efca72410, 0x0000028eddf94360,
0x0000028efcaae240, 0x0000028efd071220, 0x0000028efd071c40, 0x0000028ec9bb7de0,
0x0000028ec9d97d60, 0x0000028eca0220e0, 0x0000028eca6be750, 0x0000028ecddd1090,
0x0000028ecddc73a0, 0x0000028ece2695e0, 0x0000028ece27cab0, 0x0000028ece920bd0,
0x0000028ed1648390
}

Java Threads: ( => current thread )
  0x0000028efc305f60 JavaThread "Reference Handler" daemon [_thread_blocked, id=11672, stack(0x000000cfb7500000,0x000000cfb7600000)]
  0x0000028efc306de0 JavaThread "Finalizer" daemon [_thread_blocked, id=8608, stack(0x000000cfb7600000,0x000000cfb7700000)]
  0x0000028efc31b5b0 JavaThread "Signal Dispatcher" daemon [_thread_blocked, id=14372, stack(0x000000cfb7700000,0x000000cfb7800000)]
  0x0000028efc31bf70 JavaThread "Attach Listener" daemon [_thread_blocked, id=4176, stack(0x000000cfb7800000,0x000000cfb7900000)]
  0x0000028efc31dd40 JavaThread "Service Thread" daemon [_thread_blocked, id=4468, stack(0x000000cfb7900000,0x000000cfb7a00000)]
  0x0000028efc31e700 JavaThread "Monitor Deflation Thread" daemon [_thread_blocked, id=13044, stack(0x000000cfb7a00000,0x000000cfb7b00000)]
  0x0000028efc3276c0 JavaThread "C2 CompilerThread0" daemon [_thread_blocked, id=15284, stack(0x000000cfb7b00000,0x000000cfb7c00000)]
  0x0000028efc32be90 JavaThread "C1 CompilerThread0" daemon [_thread_blocked, id=14820, stack(0x000000cfb7c00000,0x000000cfb7d00000)]
  0x0000028efc572090 JavaThread "Sweeper thread" daemon [_thread_blocked, id=14612, stack(0x000000cfb7d00000,0x000000cfb7e00000)]
  0x0000028efc6a00d0 JavaThread "Notification Thread" daemon [_thread_blocked, id=12472, stack(0x000000cfb7e00000,0x000000cfb7f00000)]
  0x0000028efc6b95e0 JavaThread "Common-Cleaner" daemon [_thread_blocked, id=13280, stack(0x000000cfb8000000,0x000000cfb8100000)]
  0x0000028efca475b0 JavaThread "Java2D Disposer" daemon [_thread_blocked, id=16996, stack(0x000000cfb8200000,0x000000cfb8300000)]
  0x0000028efca5bff0 JavaThread "AWT-Shutdown" [_thread_blocked, id=16464, stack(0x000000cfb8300000,0x000000cfb8400000)]
  0x0000028efca5c820 JavaThread "AWT-Windows" daemon [_thread_in_native, id=17256, stack(0x000000cfb8400000,0x000000cfb8500000)]
  0x0000028efca72410 JavaThread "AWT-EventQueue-0" [_thread_blocked, id=3220, stack(0x000000cfb8500000,0x000000cfb8600000)]
  0x0000028eddf94360 JavaThread "DestroyJavaVM" [_thread_blocked, id=17200, stack(0x000000cfb6e00000,0x000000cfb6f00000)]
  0x0000028efcaae240 JavaThread "pool-1-thread-1" [_thread_in_native, id=9588, stack(0x000000cfb8600000,0x000000cfb8700000)]
  0x0000028efd071220 JavaThread "TimerQueue" daemon [_thread_blocked, id=1984, stack(0x000000cfb8100000,0x000000cfb8200000)]
  0x0000028efd071c40 JavaThread "Thread-0" [_thread_in_native, id=10460, stack(0x000000cfb8e00000,0x000000cfb8f00000)]
=>0x0000028ec9bb7de0 JavaThread "Thread-1" [_thread_in_native, id=8880, stack(0x000000cfb8f00000,0x000000cfb9000000)]
  0x0000028ec9d97d60 JavaThread "Thread-2" [_thread_in_native, id=13608, stack(0x000000cfb9000000,0x000000cfb9100000)]
  0x0000028eca0220e0 JavaThread "Thread-3" [_thread_in_native, id=11016, stack(0x000000cfb9100000,0x000000cfb9200000)]
  0x0000028eca6be750 JavaThread "Thread-5" [_thread_in_native, id=6100, stack(0x000000cfb9300000,0x000000cfb9400000)]
  0x0000028ecddd1090 JavaThread "Thread-6" [_thread_in_native, id=14984, stack(0x000000cfb9400000,0x000000cfb9500000)]
  0x0000028ecddc73a0 JavaThread "Thread-7" [_thread_in_native, id=9800, stack(0x000000cfb9500000,0x000000cfb9600000)]
  0x0000028ece2695e0 JavaThread "Thread-8" [_thread_in_native, id=852, stack(0x000000cfb9600000,0x000000cfb9700000)]
  0x0000028ece27cab0 JavaThread "Thread-9" [_thread_in_native, id=12380, stack(0x000000cfb9700000,0x000000cfb9800000)]
  0x0000028ece920bd0 JavaThread "Thread-10" [_thread_in_native, id=10916, stack(0x000000cfb9800000,0x000000cfb9900000)]
  0x0000028ed1648390 JavaThread "Thread-11" [_thread_in_native, id=16564, stack(0x000000cfb9900000,0x000000cfb9a00000)]

Other Threads:
  0x0000028efc300340 VMThread "VM Thread" [stack: 0x000000cfb7400000,0x000000cfb7500000] [id=3344]
  0x0000028efc6a55d0 WatcherThread [stack: 0x000000cfb7f00000,0x000000cfb8000000] [id=12984]
  0x0000028eddff1cd0 GCTaskThread "GC Thread#0" [stack: 0x000000cfb6f00000,0x000000cfb7000000] [id=17908]
  0x0000028ede003100 ConcurrentGCThread "G1 Main Marker" [stack: 0x000000cfb7000000,0x000000cfb7100000] [id=8588]
  0x0000028ede004130 ConcurrentGCThread "G1 Conc#0" [stack: 0x000000cfb7100000,0x000000cfb7200000] [id=15364]
  0x0000028ede03d6d0 ConcurrentGCThread "G1 Refine#0" [stack: 0x000000cfb7200000,0x000000cfb7300000] [id=9728]
  0x0000028ede03e100 ConcurrentGCThread "G1 Service" [stack: 0x000000cfb7300000,0x000000cfb7400000] [id=6532]

Threads with active compile tasks:

VM state: not at safepoint (normal execution)

VM Mutex/Monitor currently owned by a thread: None

Heap address: 0x0000000081600000, size: 2026 MB, Compressed Oops mode: 32-bit

CDS archive(s) mapped at: [0x0000028e80000000-0x0000028e80c00000-0x0000028e80c00000), size 12582912, SharedBaseAddress: 0x0000028e80000000, ArchiveRelocationMode: 1.
Compressed class space mapped at: 0x0000028e81000000-0x0000028ec1000000, reserved size: 1073741824
Narrow klass base: 0x0000028e80000000, Narrow klass shift: 0, Narrow klass range: 0x100000000

GC Precious Log:
 CPUs: 8 total, 8 available
 Memory: 8102M
 Large Page Support: Disabled
 NUMA Support: Disabled
 Compressed Oops: Enabled (32-bit)
 Heap Region Size: 1M
 Heap Min Capacity: 8M
 Heap Initial Capacity: 128M
 Heap Max Capacity: 2026M
 Pre-touch: Disabled
 Parallel Workers: 8
 Concurrent Workers: 2
 Concurrent Refinement Workers: 8
 Periodic GC: Disabled

Heap:
 garbage-first heap   total 131072K, used 24576K [0x0000000081600000, 0x0000000100000000)
  region size 1024K, 22 young (22528K), 0 survivors (0K)
 Metaspace       used 11989K, committed 12224K, reserved 1114112K
  class space    used 1236K, committed 1344K, reserved 1048576K

Heap Regions: E=young(eden), S=young(survivor), O=old, HS=humongous(starts), HC=humongous(continues), CS=collection set, F=free, OA=open archive, CA=closed archive, TAMS=top-at-mark-start (previous, next)
|   0|0x0000000081600000, 0x0000000081700000, 0x0000000081700000|100%|HS|  |TAMS 0x0000000081600000, 0x0000000081600000| Complete 
|   1|0x0000000081700000, 0x0000000081800000, 0x0000000081800000|100%|HC|  |TAMS 0x0000000081700000, 0x0000000081700000| Complete 
|   2|0x0000000081800000, 0x0000000081900000, 0x0000000081900000|100%|HC|  |TAMS 0x0000000081800000, 0x0000000081800000| Complete 
|   3|0x0000000081900000, 0x0000000081a00000, 0x0000000081a00000|100%|HC|  |TAMS 0x0000000081900000, 0x0000000081900000| Complete 
|   4|0x0000000081a00000, 0x0000000081a00000, 0x0000000081b00000|  0%| F|  |TAMS 0x0000000081a00000, 0x0000000081a00000| Untracked 
|   5|0x0000000081b00000, 0x0000000081b00000, 0x0000000081c00000|  0%| F|  |TAMS 0x0000000081b00000, 0x0000000081b00000| Untracked 
|   6|0x0000000081c00000, 0x0000000081c00000, 0x0000000081d00000|  0%| F|  |TAMS 0x0000000081c00000, 0x0000000081c00000| Untracked 
|   7|0x0000000081d00000, 0x0000000081d00000, 0x0000000081e00000|  0%| F|  |TAMS 0x0000000081d00000, 0x0000000081d00000| Untracked 
|   8|0x0000000081e00000, 0x0000000081e00000, 0x0000000081f00000|  0%| F|  |TAMS 0x0000000081e00000, 0x0000000081e00000| Untracked 
|   9|0x0000000081f00000, 0x0000000081f00000, 0x0000000082000000|  0%| F|  |TAMS 0x0000000081f00000, 0x0000000081f00000| Untracked 
|  10|0x0000000082000000, 0x0000000082000000, 0x0000000082100000|  0%| F|  |TAMS 0x0000000082000000, 0x0000000082000000| Untracked 
|  11|0x0000000082100000, 0x0000000082100000, 0x0000000082200000|  0%| F|  |TAMS 0x0000000082100000, 0x0000000082100000| Untracked 
|  12|0x0000000082200000, 0x0000000082200000, 0x0000000082300000|  0%| F|  |TAMS 0x0000000082200000, 0x0000000082200000| Untracked 
|  13|0x0000000082300000, 0x0000000082300000, 0x0000000082400000|  0%| F|  |TAMS 0x0000000082300000, 0x0000000082300000| Untracked 
|  14|0x0000000082400000, 0x0000000082400000, 0x0000000082500000|  0%| F|  |TAMS 0x0000000082400000, 0x0000000082400000| Untracked 
|  15|0x0000000082500000, 0x0000000082500000, 0x0000000082600000|  0%| F|  |TAMS 0x0000000082500000, 0x0000000082500000| Untracked 
|  16|0x0000000082600000, 0x0000000082600000, 0x0000000082700000|  0%| F|  |TAMS 0x0000000082600000, 0x0000000082600000| Untracked 
|  17|0x0000000082700000, 0x0000000082700000, 0x0000000082800000|  0%| F|  |TAMS 0x0000000082700000, 0x0000000082700000| Untracked 
|  18|0x0000000082800000, 0x0000000082800000, 0x0000000082900000|  0%| F|  |TAMS 0x0000000082800000, 0x0000000082800000| Untracked 
|  19|0x0000000082900000, 0x0000000082900000, 0x0000000082a00000|  0%| F|  |TAMS 0x0000000082900000, 0x0000000082900000| Untracked 
|  20|0x0000000082a00000, 0x0000000082a00000, 0x0000000082b00000|  0%| F|  |TAMS 0x0000000082a00000, 0x0000000082a00000| Untracked 
|  21|0x0000000082b00000, 0x0000000082b00000, 0x0000000082c00000|  0%| F|  |TAMS 0x0000000082b00000, 0x0000000082b00000| Untracked 
|  22|0x0000000082c00000, 0x0000000082c00000, 0x0000000082d00000|  0%| F|  |TAMS 0x0000000082c00000, 0x0000000082c00000| Untracked 
|  23|0x0000000082d00000, 0x0000000082d00000, 0x0000000082e00000|  0%| F|  |TAMS 0x0000000082d00000, 0x0000000082d00000| Untracked 
|  24|0x0000000082e00000, 0x0000000082e00000, 0x0000000082f00000|  0%| F|  |TAMS 0x0000000082e00000, 0x0000000082e00000| Untracked 
|  25|0x0000000082f00000, 0x0000000082f00000, 0x0000000083000000|  0%| F|  |TAMS 0x0000000082f00000, 0x0000000082f00000| Untracked 
|  26|0x0000000083000000, 0x0000000083000000, 0x0000000083100000|  0%| F|  |TAMS 0x0000000083000000, 0x0000000083000000| Untracked 
|  27|0x0000000083100000, 0x0000000083100000, 0x0000000083200000|  0%| F|  |TAMS 0x0000000083100000, 0x0000000083100000| Untracked 
|  28|0x0000000083200000, 0x0000000083200000, 0x0000000083300000|  0%| F|  |TAMS 0x0000000083200000, 0x0000000083200000| Untracked 
|  29|0x0000000083300000, 0x0000000083300000, 0x0000000083400000|  0%| F|  |TAMS 0x0000000083300000, 0x0000000083300000| Untracked 
|  30|0x0000000083400000, 0x0000000083400000, 0x0000000083500000|  0%| F|  |TAMS 0x0000000083400000, 0x0000000083400000| Untracked 
|  31|0x0000000083500000, 0x0000000083500000, 0x0000000083600000|  0%| F|  |TAMS 0x0000000083500000, 0x0000000083500000| Untracked 
|  32|0x0000000083600000, 0x0000000083600000, 0x0000000083700000|  0%| F|  |TAMS 0x0000000083600000, 0x0000000083600000| Untracked 
|  33|0x0000000083700000, 0x0000000083700000, 0x0000000083800000|  0%| F|  |TAMS 0x0000000083700000, 0x0000000083700000| Untracked 
|  34|0x0000000083800000, 0x0000000083800000, 0x0000000083900000|  0%| F|  |TAMS 0x0000000083800000, 0x0000000083800000| Untracked 
|  35|0x0000000083900000, 0x0000000083900000, 0x0000000083a00000|  0%| F|  |TAMS 0x0000000083900000, 0x0000000083900000| Untracked 
|  36|0x0000000083a00000, 0x0000000083a00000, 0x0000000083b00000|  0%| F|  |TAMS 0x0000000083a00000, 0x0000000083a00000| Untracked 
|  37|0x0000000083b00000, 0x0000000083b00000, 0x0000000083c00000|  0%| F|  |TAMS 0x0000000083b00000, 0x0000000083b00000| Untracked 
|  38|0x0000000083c00000, 0x0000000083c00000, 0x0000000083d00000|  0%| F|  |TAMS 0x0000000083c00000, 0x0000000083c00000| Untracked 
|  39|0x0000000083d00000, 0x0000000083d00000, 0x0000000083e00000|  0%| F|  |TAMS 0x0000000083d00000, 0x0000000083d00000| Untracked 
|  40|0x0000000083e00000, 0x0000000083e00000, 0x0000000083f00000|  0%| F|  |TAMS 0x0000000083e00000, 0x0000000083e00000| Untracked 
|  41|0x0000000083f00000, 0x0000000083f00000, 0x0000000084000000|  0%| F|  |TAMS 0x0000000083f00000, 0x0000000083f00000| Untracked 
|  42|0x0000000084000000, 0x0000000084000000, 0x0000000084100000|  0%| F|  |TAMS 0x0000000084000000, 0x0000000084000000| Untracked 
|  43|0x0000000084100000, 0x0000000084100000, 0x0000000084200000|  0%| F|  |TAMS 0x0000000084100000, 0x0000000084100000| Untracked 
|  44|0x0000000084200000, 0x0000000084200000, 0x0000000084300000|  0%| F|  |TAMS 0x0000000084200000, 0x0000000084200000| Untracked 
|  45|0x0000000084300000, 0x0000000084300000, 0x0000000084400000|  0%| F|  |TAMS 0x0000000084300000, 0x0000000084300000| Untracked 
|  46|0x0000000084400000, 0x0000000084400000, 0x0000000084500000|  0%| F|  |TAMS 0x0000000084400000, 0x0000000084400000| Untracked 
|  47|0x0000000084500000, 0x0000000084500000, 0x0000000084600000|  0%| F|  |TAMS 0x0000000084500000, 0x0000000084500000| Untracked 
|  48|0x0000000084600000, 0x0000000084600000, 0x0000000084700000|  0%| F|  |TAMS 0x0000000084600000, 0x0000000084600000| Untracked 
|  49|0x0000000084700000, 0x0000000084700000, 0x0000000084800000|  0%| F|  |TAMS 0x0000000084700000, 0x0000000084700000| Untracked 
|  50|0x0000000084800000, 0x0000000084800000, 0x0000000084900000|  0%| F|  |TAMS 0x0000000084800000, 0x0000000084800000| Untracked 
|  51|0x0000000084900000, 0x0000000084900000, 0x0000000084a00000|  0%| F|  |TAMS 0x0000000084900000, 0x0000000084900000| Untracked 
|  52|0x0000000084a00000, 0x0000000084a00000, 0x0000000084b00000|  0%| F|  |TAMS 0x0000000084a00000, 0x0000000084a00000| Untracked 
|  53|0x0000000084b00000, 0x0000000084b00000, 0x0000000084c00000|  0%| F|  |TAMS 0x0000000084b00000, 0x0000000084b00000| Untracked 
|  54|0x0000000084c00000, 0x0000000084c00000, 0x0000000084d00000|  0%| F|  |TAMS 0x0000000084c00000, 0x0000000084c00000| Untracked 
|  55|0x0000000084d00000, 0x0000000084d00000, 0x0000000084e00000|  0%| F|  |TAMS 0x0000000084d00000, 0x0000000084d00000| Untracked 
|  56|0x0000000084e00000, 0x0000000084e00000, 0x0000000084f00000|  0%| F|  |TAMS 0x0000000084e00000, 0x0000000084e00000| Untracked 
|  57|0x0000000084f00000, 0x0000000084f00000, 0x0000000085000000|  0%| F|  |TAMS 0x0000000084f00000, 0x0000000084f00000| Untracked 
|  58|0x0000000085000000, 0x0000000085000000, 0x0000000085100000|  0%| F|  |TAMS 0x0000000085000000, 0x0000000085000000| Untracked 
|  59|0x0000000085100000, 0x0000000085100000, 0x0000000085200000|  0%| F|  |TAMS 0x0000000085100000, 0x0000000085100000| Untracked 
|  60|0x0000000085200000, 0x0000000085200000, 0x0000000085300000|  0%| F|  |TAMS 0x0000000085200000, 0x0000000085200000| Untracked 
|  61|0x0000000085300000, 0x0000000085300000, 0x0000000085400000|  0%| F|  |TAMS 0x0000000085300000, 0x0000000085300000| Untracked 
|  62|0x0000000085400000, 0x0000000085400000, 0x0000000085500000|  0%| F|  |TAMS 0x0000000085400000, 0x0000000085400000| Untracked 
|  63|0x0000000085500000, 0x0000000085500000, 0x0000000085600000|  0%| F|  |TAMS 0x0000000085500000, 0x0000000085500000| Untracked 
|  64|0x0000000085600000, 0x0000000085600000, 0x0000000085700000|  0%| F|  |TAMS 0x0000000085600000, 0x0000000085600000| Untracked 
|  65|0x0000000085700000, 0x0000000085700000, 0x0000000085800000|  0%| F|  |TAMS 0x0000000085700000, 0x0000000085700000| Untracked 
|  66|0x0000000085800000, 0x0000000085800000, 0x0000000085900000|  0%| F|  |TAMS 0x0000000085800000, 0x0000000085800000| Untracked 
|  67|0x0000000085900000, 0x0000000085900000, 0x0000000085a00000|  0%| F|  |TAMS 0x0000000085900000, 0x0000000085900000| Untracked 
|  68|0x0000000085a00000, 0x0000000085a00000, 0x0000000085b00000|  0%| F|  |TAMS 0x0000000085a00000, 0x0000000085a00000| Untracked 
|  69|0x0000000085b00000, 0x0000000085b00000, 0x0000000085c00000|  0%| F|  |TAMS 0x0000000085b00000, 0x0000000085b00000| Untracked 
|  70|0x0000000085c00000, 0x0000000085c00000, 0x0000000085d00000|  0%| F|  |TAMS 0x0000000085c00000, 0x0000000085c00000| Untracked 
|  71|0x0000000085d00000, 0x0000000085d00000, 0x0000000085e00000|  0%| F|  |TAMS 0x0000000085d00000, 0x0000000085d00000| Untracked 
|  72|0x0000000085e00000, 0x0000000085e00000, 0x0000000085f00000|  0%| F|  |TAMS 0x0000000085e00000, 0x0000000085e00000| Untracked 
|  73|0x0000000085f00000, 0x0000000085f00000, 0x0000000086000000|  0%| F|  |TAMS 0x0000000085f00000, 0x0000000085f00000| Untracked 
|  74|0x0000000086000000, 0x0000000086000000, 0x0000000086100000|  0%| F|  |TAMS 0x0000000086000000, 0x0000000086000000| Untracked 
|  75|0x0000000086100000, 0x0000000086100000, 0x0000000086200000|  0%| F|  |TAMS 0x0000000086100000, 0x0000000086100000| Untracked 
|  76|0x0000000086200000, 0x0000000086200000, 0x0000000086300000|  0%| F|  |TAMS 0x0000000086200000, 0x0000000086200000| Untracked 
|  77|0x0000000086300000, 0x0000000086300000, 0x0000000086400000|  0%| F|  |TAMS 0x0000000086300000, 0x0000000086300000| Untracked 
|  78|0x0000000086400000, 0x0000000086400000, 0x0000000086500000|  0%| F|  |TAMS 0x0000000086400000, 0x0000000086400000| Untracked 
|  79|0x0000000086500000, 0x0000000086500000, 0x0000000086600000|  0%| F|  |TAMS 0x0000000086500000, 0x0000000086500000| Untracked 
|  80|0x0000000086600000, 0x0000000086600000, 0x0000000086700000|  0%| F|  |TAMS 0x0000000086600000, 0x0000000086600000| Untracked 
|  81|0x0000000086700000, 0x0000000086700000, 0x0000000086800000|  0%| F|  |TAMS 0x0000000086700000, 0x0000000086700000| Untracked 
|  82|0x0000000086800000, 0x0000000086800000, 0x0000000086900000|  0%| F|  |TAMS 0x0000000086800000, 0x0000000086800000| Untracked 
|  83|0x0000000086900000, 0x0000000086900000, 0x0000000086a00000|  0%| F|  |TAMS 0x0000000086900000, 0x0000000086900000| Untracked 
|  84|0x0000000086a00000, 0x0000000086a00000, 0x0000000086b00000|  0%| F|  |TAMS 0x0000000086a00000, 0x0000000086a00000| Untracked 
|  85|0x0000000086b00000, 0x0000000086b00000, 0x0000000086c00000|  0%| F|  |TAMS 0x0000000086b00000, 0x0000000086b00000| Untracked 
|  86|0x0000000086c00000, 0x0000000086c00000, 0x0000000086d00000|  0%| F|  |TAMS 0x0000000086c00000, 0x0000000086c00000| Untracked 
|  87|0x0000000086d00000, 0x0000000086d00000, 0x0000000086e00000|  0%| F|  |TAMS 0x0000000086d00000, 0x0000000086d00000| Untracked 
|  88|0x0000000086e00000, 0x0000000086e00000, 0x0000000086f00000|  0%| F|  |TAMS 0x0000000086e00000, 0x0000000086e00000| Untracked 
|  89|0x0000000086f00000, 0x0000000086f00000, 0x0000000087000000|  0%| F|  |TAMS 0x0000000086f00000, 0x0000000086f00000| Untracked 
|  90|0x0000000087000000, 0x0000000087000000, 0x0000000087100000|  0%| F|  |TAMS 0x0000000087000000, 0x0000000087000000| Untracked 
|  91|0x0000000087100000, 0x0000000087100000, 0x0000000087200000|  0%| F|  |TAMS 0x0000000087100000, 0x0000000087100000| Untracked 
|  92|0x0000000087200000, 0x0000000087200000, 0x0000000087300000|  0%| F|  |TAMS 0x0000000087200000, 0x0000000087200000| Untracked 
|  93|0x0000000087300000, 0x0000000087300000, 0x0000000087400000|  0%| F|  |TAMS 0x0000000087300000, 0x0000000087300000| Untracked 
|  94|0x0000000087400000, 0x0000000087400000, 0x0000000087500000|  0%| F|  |TAMS 0x0000000087400000, 0x0000000087400000| Untracked 
|  95|0x0000000087500000, 0x0000000087500000, 0x0000000087600000|  0%| F|  |TAMS 0x0000000087500000, 0x0000000087500000| Untracked 
|  96|0x0000000087600000, 0x0000000087600000, 0x0000000087700000|  0%| F|  |TAMS 0x0000000087600000, 0x0000000087600000| Untracked 
|  97|0x0000000087700000, 0x0000000087700000, 0x0000000087800000|  0%| F|  |TAMS 0x0000000087700000, 0x0000000087700000| Untracked 
|  98|0x0000000087800000, 0x0000000087800000, 0x0000000087900000|  0%| F|  |TAMS 0x0000000087800000, 0x0000000087800000| Untracked 
|  99|0x0000000087900000, 0x0000000087900000, 0x0000000087a00000|  0%| F|  |TAMS 0x0000000087900000, 0x0000000087900000| Untracked 
| 100|0x0000000087a00000, 0x0000000087a00000, 0x0000000087b00000|  0%| F|  |TAMS 0x0000000087a00000, 0x0000000087a00000| Untracked 
| 101|0x0000000087b00000, 0x0000000087b00000, 0x0000000087c00000|  0%| F|  |TAMS 0x0000000087b00000, 0x0000000087b00000| Untracked 
| 102|0x0000000087c00000, 0x0000000087c00000, 0x0000000087d00000|  0%| F|  |TAMS 0x0000000087c00000, 0x0000000087c00000| Untracked 
| 103|0x0000000087d00000, 0x0000000087d00000, 0x0000000087e00000|  0%| F|  |TAMS 0x0000000087d00000, 0x0000000087d00000| Untracked 
| 104|0x0000000087e00000, 0x0000000087e00000, 0x0000000087f00000|  0%| F|  |TAMS 0x0000000087e00000, 0x0000000087e00000| Untracked 
| 105|0x0000000087f00000, 0x0000000087f00000, 0x0000000088000000|  0%| F|  |TAMS 0x0000000087f00000, 0x0000000087f00000| Untracked 
| 106|0x0000000088000000, 0x0000000088100000, 0x0000000088100000|100%| E|  |TAMS 0x0000000088000000, 0x0000000088000000| Complete 
| 107|0x0000000088100000, 0x0000000088200000, 0x0000000088200000|100%| E|CS|TAMS 0x0000000088100000, 0x0000000088100000| Complete 
| 108|0x0000000088200000, 0x0000000088300000, 0x0000000088300000|100%| E|CS|TAMS 0x0000000088200000, 0x0000000088200000| Complete 
| 109|0x0000000088300000, 0x0000000088400000, 0x0000000088400000|100%| E|CS|TAMS 0x0000000088300000, 0x0000000088300000| Complete 
| 110|0x0000000088400000, 0x0000000088500000, 0x0000000088500000|100%| E|CS|TAMS 0x0000000088400000, 0x0000000088400000| Complete 
| 111|0x0000000088500000, 0x0000000088600000, 0x0000000088600000|100%| E|CS|TAMS 0x0000000088500000, 0x0000000088500000| Complete 
| 112|0x0000000088600000, 0x0000000088700000, 0x0000000088700000|100%| E|CS|TAMS 0x0000000088600000, 0x0000000088600000| Complete 
| 113|0x0000000088700000, 0x0000000088800000, 0x0000000088800000|100%| E|CS|TAMS 0x0000000088700000, 0x0000000088700000| Complete 
| 114|0x0000000088800000, 0x0000000088900000, 0x0000000088900000|100%| E|CS|TAMS 0x0000000088800000, 0x0000000088800000| Complete 
| 115|0x0000000088900000, 0x0000000088a00000, 0x0000000088a00000|100%| E|CS|TAMS 0x0000000088900000, 0x0000000088900000| Complete 
| 116|0x0000000088a00000, 0x0000000088b00000, 0x0000000088b00000|100%| E|CS|TAMS 0x0000000088a00000, 0x0000000088a00000| Complete 
| 117|0x0000000088b00000, 0x0000000088c00000, 0x0000000088c00000|100%| E|CS|TAMS 0x0000000088b00000, 0x0000000088b00000| Complete 
| 118|0x0000000088c00000, 0x0000000088d00000, 0x0000000088d00000|100%| E|  |TAMS 0x0000000088c00000, 0x0000000088c00000| Complete 
| 119|0x0000000088d00000, 0x0000000088e00000, 0x0000000088e00000|100%| E|CS|TAMS 0x0000000088d00000, 0x0000000088d00000| Complete 
| 120|0x0000000088e00000, 0x0000000088f00000, 0x0000000088f00000|100%| E|CS|TAMS 0x0000000088e00000, 0x0000000088e00000| Complete 
| 121|0x0000000088f00000, 0x0000000089000000, 0x0000000089000000|100%| E|CS|TAMS 0x0000000088f00000, 0x0000000088f00000| Complete 
| 122|0x0000000089000000, 0x0000000089100000, 0x0000000089100000|100%| E|CS|TAMS 0x0000000089000000, 0x0000000089000000| Complete 
| 123|0x0000000089100000, 0x0000000089200000, 0x0000000089200000|100%| E|CS|TAMS 0x0000000089100000, 0x0000000089100000| Complete 
| 124|0x0000000089200000, 0x0000000089300000, 0x0000000089300000|100%| E|CS|TAMS 0x0000000089200000, 0x0000000089200000| Complete 
| 125|0x0000000089300000, 0x0000000089400000, 0x0000000089400000|100%| E|CS|TAMS 0x0000000089300000, 0x0000000089300000| Complete 
| 126|0x0000000089400000, 0x0000000089500000, 0x0000000089500000|100%| E|CS|TAMS 0x0000000089400000, 0x0000000089400000| Complete 
| 127|0x0000000089500000, 0x0000000089600000, 0x0000000089600000|100%| E|CS|TAMS 0x0000000089500000, 0x0000000089500000| Complete 

Card table byte_map: [0x0000028ef5240000,0x0000028ef5640000] _byte_map_base: 0x0000028ef4e35000

Marking Bits (Prev, Next): (CMBitMap*) 0x0000028eddff22f0, (CMBitMap*) 0x0000028eddff2330
 Prev Bits: [0x0000028ef5a40000, 0x0000028ef79e8000)
 Next Bits: [0x0000028ef79f0000, 0x0000028ef9998000)

Polling page: 0x0000028edc0d0000

Metaspace:

Usage:
  Non-class:     10.50 MB used.
      Class:      1.21 MB used.
       Both:     11.71 MB used.

Virtual space:
  Non-class space:       64.00 MB reserved,      10.62 MB ( 17%) committed,  1 nodes.
      Class space:        1.00 GB reserved,       1.31 MB ( <1%) committed,  1 nodes.
             Both:        1.06 GB reserved,      11.94 MB (  1%) committed. 

Chunk freelists:
   Non-Class:  4.90 MB
       Class:  14.72 MB
        Both:  19.62 MB

MaxMetaspaceSize: unlimited
CompressedClassSpaceSize: 1.00 GB
Initial GC threshold: 21.00 MB
Current GC threshold: 21.00 MB
CDS: on
MetaspaceReclaimPolicy: balanced
 - commit_granule_bytes: 65536.
 - commit_granule_words: 8192.
 - virtual_space_node_default_size: 8388608.
 - enlarge_chunks_in_place: 1.
 - new_chunks_are_fully_committed: 0.
 - uncommit_free_chunks: 1.
 - use_allocation_guard: 0.
 - handle_deallocations: 1.


Internal statistics:

num_allocs_failed_limit: 0.
num_arena_births: 166.
num_arena_deaths: 0.
num_vsnodes_births: 2.
num_vsnodes_deaths: 0.
num_space_committed: 189.
num_space_uncommitted: 0.
num_chunks_returned_to_freelist: 0.
num_chunks_taken_from_freelist: 274.
num_chunk_merges: 0.
num_chunk_splits: 172.
num_chunks_enlarged: 100.
num_inconsistent_stats: 0.

CodeHeap 'non-profiled nmethods': size=120000Kb used=582Kb max_used=582Kb free=119417Kb
 bounds [0x0000028eed5e0000, 0x0000028eed850000, 0x0000028ef4b10000]
CodeHeap 'profiled nmethods': size=120000Kb used=2795Kb max_used=2795Kb free=117204Kb
 bounds [0x0000028ee5b10000, 0x0000028ee5dd0000, 0x0000028eed040000]
CodeHeap 'non-nmethods': size=5760Kb used=1733Kb max_used=1798Kb free=4026Kb
 bounds [0x0000028eed040000, 0x0000028eed2b0000, 0x0000028eed5e0000]
 total_blobs=2889 nmethods=1681 adapters=1121
 compilation: enabled
              stopped_count=0, restarted_count=0
 full_count=0

Compilation events (20 events):
Event: 32.553 Thread 0x0000028efc32be90 1670       3       javax.swing.DefaultButtonModel::isArmed (15 bytes)
Event: 32.554 Thread 0x0000028efc32be90 nmethod 1670 0x0000028ee5dc7310 code [0x0000028ee5dc74a0, 0x0000028ee5dc7618]
Event: 32.640 Thread 0x0000028efc32be90 1671       3       java.util.Collections::emptyList (4 bytes)
Event: 32.640 Thread 0x0000028efc32be90 nmethod 1671 0x0000028ee5dc7690 code [0x0000028ee5dc7820, 0x0000028ee5dc7918]
Event: 32.645 Thread 0x0000028efc32be90 1672       3       sun.java2d.SunGraphics2D::getClipBounds (21 bytes)
Event: 32.645 Thread 0x0000028efc32be90 nmethod 1672 0x0000028ee5dc7990 code [0x0000028ee5dc7b40, 0x0000028ee5dc7d98]
Event: 32.645 Thread 0x0000028efc32be90 1673       3       sun.java2d.SunGraphics2D::getClipBounds (102 bytes)
Event: 32.647 Thread 0x0000028efc32be90 nmethod 1673 0x0000028ee5dc7e90 code [0x0000028ee5dc80e0, 0x0000028ee5dc8b38]
Event: 32.661 Thread 0x0000028efc3276c0 1674       4       org.lwjgl.system.MemoryUtil::strlen64NT1 (119 bytes)
Event: 32.667 Thread 0x0000028efc3276c0 nmethod 1674 0x0000028eed66f690 code [0x0000028eed66f820, 0x0000028eed66fb18]
Event: 32.684 Thread 0x0000028efc3276c0 1675       4       project_cg.drivers.tudo3D.geometry3d.planeCartesians3d.CartesianPlane3D::drawCube (157 bytes)
Event: 32.699 Thread 0x0000028efc3276c0 nmethod 1675 0x0000028eed66fc90 code [0x0000028eed66ffa0, 0x0000028eed6706f0]
Event: 32.699 Thread 0x0000028efc3276c0 1676       4       org.lwjgl.glfw.GLFW::glfwSwapBuffers (21 bytes)
Event: 32.700 Thread 0x0000028efc3276c0 nmethod 1676 0x0000028eed671090 code [0x0000028eed671220, 0x0000028eed6712c8]
Event: 32.978 Thread 0x0000028efc32be90 1677       3       java.util.LinkedList::listIterator (15 bytes)
Event: 32.979 Thread 0x0000028efc32be90 nmethod 1677 0x0000028ee5dc8e10 code [0x0000028ee5dc9000, 0x0000028ee5dc9468]
Event: 32.979 Thread 0x0000028efc32be90 1678       3       java.util.LinkedList$ListItr::<init> (47 bytes)
Event: 32.980 Thread 0x0000028efc32be90 nmethod 1678 0x0000028ee5dc9610 code [0x0000028ee5dc97c0, 0x0000028ee5dc9aa8]
Event: 33.157 Thread 0x0000028efc32be90 1679       3       java.util.WeakHashMap::remove (131 bytes)
Event: 33.161 Thread 0x0000028efc32be90 nmethod 1679 0x0000028ee5dc9b90 code [0x0000028ee5dc9de0, 0x0000028ee5dca958]

GC Heap History (0 events):
No events

Dll operation events (11 events):
Event: 0.012 Loaded shared library C:\Program Files\Java\zulu17.44.15-ca-jdk17.0.8-win_x64\bin\java.dll
Event: 0.035 Loaded shared library C:\Program Files\Java\zulu17.44.15-ca-jdk17.0.8-win_x64\bin\jsvml.dll
Event: 0.106 Loaded shared library C:\Program Files\Java\zulu17.44.15-ca-jdk17.0.8-win_x64\bin\net.dll
Event: 0.109 Loaded shared library C:\Program Files\Java\zulu17.44.15-ca-jdk17.0.8-win_x64\bin\nio.dll
Event: 0.114 Loaded shared library C:\Program Files\Java\zulu17.44.15-ca-jdk17.0.8-win_x64\bin\zip.dll
Event: 0.217 Loaded shared library C:\Program Files\Java\zulu17.44.15-ca-jdk17.0.8-win_x64\bin\jimage.dll
Event: 0.222 Loaded shared library C:\Program Files\Java\zulu17.44.15-ca-jdk17.0.8-win_x64\bin\awt.dll
Event: 0.457 Loaded shared library C:\Users\Renan\AppData\Local\Temp\lwjgl_Renan\3.3.4+7\x64\lwjgl.dll
Event: 0.539 Loaded shared library C:\Program Files\Java\zulu17.44.15-ca-jdk17.0.8-win_x64\bin\freetype.dll
Event: 0.540 Loaded shared library C:\Program Files\Java\zulu17.44.15-ca-jdk17.0.8-win_x64\bin\fontmanager.dll
Event: 0.729 Loaded shared library C:\Users\Renan\AppData\Local\Temp\lwjgl_Renan\3.3.4+7\x64\lwjgl_opengl.dll

Deoptimization events (20 events):
Event: 19.279 Thread 0x0000028efca72410 Uncommon trap: trap_request=0xffffffde fr.pc=0x0000028eed5e7f28 relative=0x00000000000001a8
Event: 19.279 Thread 0x0000028efca72410 Uncommon trap: reason=class_check action=maybe_recompile pc=0x0000028eed5e7f28 method=java.lang.String.equals(Ljava/lang/Object;)Z @ 8 c2
Event: 19.279 Thread 0x0000028efca72410 DEOPT PACKING pc=0x0000028eed5e7f28 sp=0x000000cfb85fdd40
Event: 19.279 Thread 0x0000028efca72410 DEOPT UNPACKING pc=0x0000028eed0969a3 sp=0x000000cfb85fdcd8 mode 2
Event: 19.279 Thread 0x0000028efca72410 Uncommon trap: trap_request=0xffffffde fr.pc=0x0000028eed5e7f28 relative=0x00000000000001a8
Event: 19.279 Thread 0x0000028efca72410 Uncommon trap: reason=class_check action=maybe_recompile pc=0x0000028eed5e7f28 method=java.lang.String.equals(Ljava/lang/Object;)Z @ 8 c2
Event: 19.279 Thread 0x0000028efca72410 DEOPT PACKING pc=0x0000028eed5e7f28 sp=0x000000cfb85fdd40
Event: 19.279 Thread 0x0000028efca72410 DEOPT UNPACKING pc=0x0000028eed0969a3 sp=0x000000cfb85fdcd8 mode 2
Event: 19.422 Thread 0x0000028efca72410 Uncommon trap: trap_request=0xffffffde fr.pc=0x0000028eed5e7f28 relative=0x00000000000001a8
Event: 19.422 Thread 0x0000028efca72410 Uncommon trap: reason=class_check action=maybe_recompile pc=0x0000028eed5e7f28 method=java.lang.String.equals(Ljava/lang/Object;)Z @ 8 c2
Event: 19.422 Thread 0x0000028efca72410 DEOPT PACKING pc=0x0000028eed5e7f28 sp=0x000000cfb85fdd40
Event: 19.422 Thread 0x0000028efca72410 DEOPT UNPACKING pc=0x0000028eed0969a3 sp=0x000000cfb85fdcd8 mode 2
Event: 19.422 Thread 0x0000028efca72410 Uncommon trap: trap_request=0xffffffde fr.pc=0x0000028eed5e7f28 relative=0x00000000000001a8
Event: 19.422 Thread 0x0000028efca72410 Uncommon trap: reason=class_check action=maybe_recompile pc=0x0000028eed5e7f28 method=java.lang.String.equals(Ljava/lang/Object;)Z @ 8 c2
Event: 19.422 Thread 0x0000028efca72410 DEOPT PACKING pc=0x0000028eed5e7f28 sp=0x000000cfb85fdd40
Event: 19.422 Thread 0x0000028efca72410 DEOPT UNPACKING pc=0x0000028eed0969a3 sp=0x000000cfb85fdcd8 mode 2
Event: 33.725 Thread 0x0000028ed1648390 Uncommon trap: trap_request=0xffffff45 fr.pc=0x0000028eed66eb0c relative=0x000000000000006c
Event: 33.726 Thread 0x0000028ed1648390 Uncommon trap: reason=unstable_if action=reinterpret pc=0x0000028eed66eb0c method=org.lwjgl.glfw.GLFW.glfwWindowShouldClose(J)Z @ 20 c2
Event: 33.726 Thread 0x0000028ed1648390 DEOPT PACKING pc=0x0000028eed66eb0c sp=0x000000cfb99ff390
Event: 33.726 Thread 0x0000028ed1648390 DEOPT UNPACKING pc=0x0000028eed0969a3 sp=0x000000cfb99ff320 mode 2

Classes unloaded (0 events):
No events

Classes redefined (0 events):
No events

Internal exceptions (20 events):
Event: 0.462 Thread 0x0000028efcaae240 Exception <a 'sun/nio/fs/WindowsException'{0x0000000088c7d468}> (0x0000000088c7d468) 
thrown [s\src\hotspot\share\prims\jni.cpp, line 516]
Event: 0.462 Thread 0x0000028efcaae240 Exception <a 'sun/nio/fs/WindowsException'{0x0000000088c7d9b8}> (0x0000000088c7d9b8) 
thrown [s\src\hotspot\share\prims\jni.cpp, line 516]
Event: 0.481 Thread 0x0000028efcaae240 Exception <a 'sun/nio/fs/WindowsException'{0x0000000088cdbc50}> (0x0000000088cdbc50) 
thrown [s\src\hotspot\share\prims\jni.cpp, line 516]
Event: 0.481 Thread 0x0000028efcaae240 Exception <a 'sun/nio/fs/WindowsException'{0x0000000088cdbfb0}> (0x0000000088cdbfb0) 
thrown [s\src\hotspot\share\prims\jni.cpp, line 516]
Event: 0.502 Thread 0x0000028efcaae240 Exception <a 'java/lang/NoSuchMethodError'{0x0000000088b267a8}: 'int java.lang.invoke.DirectMethodHandle$Holder.invokeStaticInit(java.lang.Object, java.lang.Object, int, long)'> (0x0000000088b267a8) 
thrown [s\src\hotspot\share\interpreter\linkResolver.cpp, line 759]
Event: 0.503 Thread 0x0000028efcaae240 Exception <a 'java/lang/NoSuchMethodError'{0x0000000088b2c338}: 'java.lang.Object java.lang.invoke.DirectMethodHandle$Holder.newInvokeSpecial(java.lang.Object, java.lang.Object, int)'> (0x0000000088b2c338) 
thrown [s\src\hotspot\share\interpreter\linkResolver.cpp, line 759]
Event: 0.505 Thread 0x0000028efcaae240 Exception <a 'java/lang/NoSuchMethodError'{0x0000000088b3af48}: 'int java.lang.invoke.DirectMethodHandle$Holder.invokeStaticInit(java.lang.Object, java.lang.Object, long, long)'> (0x0000000088b3af48) 
thrown [s\src\hotspot\share\interpreter\linkResolver.cpp, line 759]
Event: 0.506 Thread 0x0000028efcaae240 Exception <a 'java/lang/NoSuchMethodError'{0x0000000088b40f98}: 'java.lang.Object java.lang.invoke.DirectMethodHandle$Holder.newInvokeSpecial(java.lang.Object, java.lang.Object, long)'> (0x0000000088b40f98) 
thrown [s\src\hotspot\share\interpreter\linkResolver.cpp, line 759]
Event: 0.506 Thread 0x0000028efcaae240 Exception <a 'java/lang/NoSuchMethodError'{0x0000000088b44b08}: 'java.lang.Object java.lang.invoke.Invokers$Holder.linkToTargetMethod(java.lang.Object, long, java.lang.Object)'> (0x0000000088b44b08) 
thrown [s\src\hotspot\share\interpreter\linkResolver.cpp, line 759]
Event: 0.507 Thread 0x0000028efcaae240 Exception <a 'java/lang/NoSuchMethodError'{0x0000000088b4c108}: 'int java.lang.invoke.DirectMethodHandle$Holder.invokeStaticInit(java.lang.Object, java.lang.Object, java.lang.Object, long)'> (0x0000000088b4c108) 
thrown [s\src\hotspot\share\interpreter\linkResolver.cpp, line 759]
Event: 0.533 Thread 0x0000028efca72410 Exception <a 'java/lang/NoSuchMethodError'{0x0000000088bc4160}: 'void java.lang.invoke.DirectMethodHandle$Holder.invokeStaticInit(java.lang.Object)'> (0x0000000088bc4160) 
thrown [s\src\hotspot\share\interpreter\linkResolver.cpp, line 759]
Event: 0.723 Thread 0x0000028efcaae240 Exception <a 'sun/nio/fs/WindowsException'{0x0000000088a60da0}> (0x0000000088a60da0) 
thrown [s\src\hotspot\share\prims\jni.cpp, line 516]
Event: 0.723 Thread 0x0000028efcaae240 Exception <a 'sun/nio/fs/WindowsException'{0x0000000088a61140}> (0x0000000088a61140) 
thrown [s\src\hotspot\share\prims\jni.cpp, line 516]
Event: 0.742 Thread 0x0000028efcaae240 Exception <a 'sun/nio/fs/WindowsException'{0x0000000088a710e8}> (0x0000000088a710e8) 
thrown [s\src\hotspot\share\prims\jni.cpp, line 516]
Event: 0.742 Thread 0x0000028efcaae240 Exception <a 'sun/nio/fs/WindowsException'{0x0000000088a713b8}> (0x0000000088a713b8) 
thrown [s\src\hotspot\share\prims\jni.cpp, line 516]
Event: 0.770 Thread 0x0000028efca5c820 Exception <a 'java/lang/NoSuchMethodError'{0x0000000089086230}: 'void java.lang.invoke.DirectMethodHandle$Holder.invokeVirtual(java.lang.Object, java.lang.Object)'> (0x0000000089086230) 
thrown [s\src\hotspot\share\interpreter\linkResolver.cpp, line 759]
Event: 16.680 Thread 0x0000028efca72410 Implicit null exception at 0x0000028eed6494a0 to 0x0000028eed6495cd
Event: 16.681 Thread 0x0000028efd071220 Implicit null exception at 0x0000028eed647cac to 0x0000028eed647d4a
Event: 20.696 Thread 0x0000028efca72410 Exception <a 'java/lang/NoSuchMethodError'{0x0000000088631310}: 'java.lang.Object java.lang.invoke.DirectMethodHandle$Holder.invokeStatic(java.lang.Object, java.lang.Object, double)'> (0x0000000088631310) 
thrown [s\src\hotspot\share\interpreter\linkResolver.cpp, line 759]
Event: 20.696 Thread 0x0000028efca72410 Exception <a 'java/lang/NoSuchMethodError'{0x0000000088634d40}: 'java.lang.Object java.lang.invoke.DirectMethodHandle$Holder.invokeStaticInit(java.lang.Object, java.lang.Object, double)'> (0x0000000088634d40) 
thrown [s\src\hotspot\share\interpreter\linkResolver.cpp, line 759]

VM Operations (20 events):
Event: 15.997 Executing VM operation: Cleanup
Event: 15.997 Executing VM operation: Cleanup done
Event: 17.008 Executing VM operation: Cleanup
Event: 17.009 Executing VM operation: Cleanup done
Event: 18.023 Executing VM operation: Cleanup
Event: 18.023 Executing VM operation: Cleanup done
Event: 20.036 Executing VM operation: Cleanup
Event: 20.037 Executing VM operation: Cleanup done
Event: 21.051 Executing VM operation: Cleanup
Event: 21.051 Executing VM operation: Cleanup done
Event: 22.064 Executing VM operation: Cleanup
Event: 22.064 Executing VM operation: Cleanup done
Event: 27.116 Executing VM operation: Cleanup
Event: 27.116 Executing VM operation: Cleanup done
Event: 28.126 Executing VM operation: Cleanup
Event: 28.126 Executing VM operation: Cleanup done
Event: 29.135 Executing VM operation: Cleanup
Event: 29.135 Executing VM operation: Cleanup done
Event: 30.136 Executing VM operation: Cleanup
Event: 30.136 Executing VM operation: Cleanup done

Events (20 events):
Event: 19.284 loading class javax/swing/text/AbstractDocument$DefaultDocumentEventUndoableWrapper
Event: 19.284 loading class sun/swing/text/UndoableEditLockSupport
Event: 19.284 loading class sun/swing/text/UndoableEditLockSupport done
Event: 19.284 loading class javax/swing/text/AbstractDocument$DefaultDocumentEventUndoableWrapper done
Event: 19.284 loading class javax/swing/event/UndoableEditListener
Event: 19.284 loading class javax/swing/event/UndoableEditListener done
Event: 20.694 loading class jdk/internal/math/FloatingDecimal$ASCIIToBinaryBuffer
Event: 20.694 loading class jdk/internal/math/FloatingDecimal$ASCIIToBinaryBuffer done
Event: 20.700 Thread 0x0000028efd071c40 Thread added: 0x0000028efd071c40
Event: 21.357 Thread 0x0000028ec9bb7de0 Thread added: 0x0000028ec9bb7de0
Event: 21.869 Thread 0x0000028ec9d97d60 Thread added: 0x0000028ec9d97d60
Event: 25.654 Thread 0x0000028eca0220e0 Thread added: 0x0000028eca0220e0
Event: 26.301 Thread 0x0000028efc9e83f0 Thread added: 0x0000028efc9e83f0
Event: 26.733 Thread 0x0000028eca6be750 Thread added: 0x0000028eca6be750
Event: 27.166 Thread 0x0000028ecddd1090 Thread added: 0x0000028ecddd1090
Event: 28.653 Thread 0x0000028ecddc73a0 Thread added: 0x0000028ecddc73a0
Event: 29.310 Thread 0x0000028ece2695e0 Thread added: 0x0000028ece2695e0
Event: 31.309 Thread 0x0000028ece27cab0 Thread added: 0x0000028ece27cab0
Event: 31.845 Thread 0x0000028ece920bd0 Thread added: 0x0000028ece920bd0
Event: 32.582 Thread 0x0000028ed1648390 Thread added: 0x0000028ed1648390


Dynamic libraries:
0x00007ff7351c0000 - 0x00007ff7351ce000 	C:\Program Files\Java\zulu17.44.15-ca-jdk17.0.8-win_x64\bin\javaw.exe
0x00007ff801c10000 - 0x00007ff801e27000 	C:\WINDOWS\SYSTEM32\ntdll.dll
0x00007ffffff20000 - 0x00007ffffffe4000 	C:\WINDOWS\System32\KERNEL32.DLL
0x00007ffffef20000 - 0x00007fffff2d9000 	C:\WINDOWS\System32\KERNELBASE.dll
0x00007fffff540000 - 0x00007fffff651000 	C:\WINDOWS\System32\ucrtbase.dll
0x00007fffdba20000 - 0x00007fffdba3b000 	C:\Program Files\Java\zulu17.44.15-ca-jdk17.0.8-win_x64\bin\VCRUNTIME140.dll
0x00007fffd7e20000 - 0x00007fffd7e39000 	C:\Program Files\Java\zulu17.44.15-ca-jdk17.0.8-win_x64\bin\jli.dll
0x00007ff801290000 - 0x00007ff80143e000 	C:\WINDOWS\System32\USER32.dll
0x00007fffe9490000 - 0x00007fffe9722000 	C:\WINDOWS\WinSxS\amd64_microsoft.windows.common-controls_6595b64144ccf1df_6.0.22621.4391_none_2715d37f73803e96\COMCTL32.dll
0x00007ff800010000 - 0x00007ff800036000 	C:\WINDOWS\System32\win32u.dll
0x00007ff800260000 - 0x00007ff800307000 	C:\WINDOWS\System32\msvcrt.dll
0x00007ff801260000 - 0x00007ff801289000 	C:\WINDOWS\System32\GDI32.dll
0x00007fffff720000 - 0x00007fffff83b000 	C:\WINDOWS\System32\gdi32full.dll
0x00007fffff840000 - 0x00007fffff8da000 	C:\WINDOWS\System32\msvcp_win.dll
0x00007ff800040000 - 0x00007ff800071000 	C:\WINDOWS\System32\IMM32.DLL
0x00007fffea550000 - 0x00007fffea55c000 	C:\Program Files\Java\zulu17.44.15-ca-jdk17.0.8-win_x64\bin\vcruntime140_1.dll
0x00007fffcac90000 - 0x00007fffcad1d000 	C:\Program Files\Java\zulu17.44.15-ca-jdk17.0.8-win_x64\bin\msvcp140.dll
0x00007fffaba10000 - 0x00007fffac678000 	C:\Program Files\Java\zulu17.44.15-ca-jdk17.0.8-win_x64\bin\server\jvm.dll
0x00007ff801060000 - 0x00007ff801112000 	C:\WINDOWS\System32\ADVAPI32.dll
0x00007ff800540000 - 0x00007ff8005e7000 	C:\WINDOWS\System32\sechost.dll
0x00007ffffeef0000 - 0x00007ffffef18000 	C:\WINDOWS\System32\bcrypt.dll
0x00007ff800310000 - 0x00007ff800424000 	C:\WINDOWS\System32\RPCRT4.dll
0x00007ffff8170000 - 0x00007ffff8179000 	C:\WINDOWS\SYSTEM32\WSOCK32.dll
0x00007ffffdd50000 - 0x00007ffffdd9d000 	C:\WINDOWS\SYSTEM32\POWRPROF.dll
0x00007ff801440000 - 0x00007ff8014b1000 	C:\WINDOWS\System32\WS2_32.dll
0x00007ffff43b0000 - 0x00007ffff43ba000 	C:\WINDOWS\SYSTEM32\VERSION.dll
0x00007ffff5310000 - 0x00007ffff5344000 	C:\WINDOWS\SYSTEM32\WINMM.dll
0x00007ffffdd30000 - 0x00007ffffdd43000 	C:\WINDOWS\SYSTEM32\UMPDC.dll
0x00007ffffdff0000 - 0x00007ffffe008000 	C:\WINDOWS\SYSTEM32\kernel.appcore.dll
0x00007fffeaeb0000 - 0x00007fffeaeba000 	C:\Program Files\Java\zulu17.44.15-ca-jdk17.0.8-win_x64\bin\jimage.dll
0x00007ffffc530000 - 0x00007ffffc762000 	C:\WINDOWS\SYSTEM32\DBGHELP.DLL
0x00007ff8014c0000 - 0x00007ff80184f000 	C:\WINDOWS\System32\combase.dll
0x00007ff801120000 - 0x00007ff8011f7000 	C:\WINDOWS\System32\OLEAUT32.dll
0x00007fffdbf40000 - 0x00007fffdbf72000 	C:\WINDOWS\SYSTEM32\dbgcore.DLL
0x00007fffff4c0000 - 0x00007fffff53b000 	C:\WINDOWS\System32\bcryptPrimitives.dll
0x00007fffd8510000 - 0x00007fffd8535000 	C:\Program Files\Java\zulu17.44.15-ca-jdk17.0.8-win_x64\bin\java.dll
0x00007fffbf690000 - 0x00007fffbf767000 	C:\Program Files\Java\zulu17.44.15-ca-jdk17.0.8-win_x64\bin\jsvml.dll
0x00007ff8007e0000 - 0x00007ff801056000 	C:\WINDOWS\System32\SHELL32.dll
0x00007ffffce00000 - 0x00007ffffd703000 	C:\WINDOWS\SYSTEM32\windows.storage.dll
0x00007ffffccc0000 - 0x00007ffffcdff000 	C:\WINDOWS\SYSTEM32\wintypes.dll
0x00007ff800440000 - 0x00007ff800539000 	C:\WINDOWS\System32\SHCORE.dll
0x00007ff801200000 - 0x00007ff80125e000 	C:\WINDOWS\System32\shlwapi.dll
0x00007ffffee30000 - 0x00007ffffee5b000 	C:\WINDOWS\SYSTEM32\profapi.dll
0x00007fffdc070000 - 0x00007fffdc089000 	C:\Program Files\Java\zulu17.44.15-ca-jdk17.0.8-win_x64\bin\net.dll
0x00007ffff5400000 - 0x00007ffff5536000 	C:\WINDOWS\SYSTEM32\WINHTTP.dll
0x00007ffffe470000 - 0x00007ffffe4d9000 	C:\WINDOWS\system32\mswsock.dll
0x00007fffd7d00000 - 0x00007fffd7d16000 	C:\Program Files\Java\zulu17.44.15-ca-jdk17.0.8-win_x64\bin\nio.dll
0x00007fffce160000 - 0x00007fffce178000 	C:\Program Files\Java\zulu17.44.15-ca-jdk17.0.8-win_x64\bin\zip.dll
0x00007fffbf500000 - 0x00007fffbf68f000 	C:\Program Files\Java\zulu17.44.15-ca-jdk17.0.8-win_x64\bin\awt.dll
0x00007ffff7da0000 - 0x00007ffff7e37000 	C:\WINDOWS\SYSTEM32\apphelp.dll
0x00007ffffc010000 - 0x00007ffffc0c1000 	C:\WINDOWS\system32\uxtheme.dll
0x00007ff800610000 - 0x00007ff800770000 	C:\WINDOWS\System32\MSCTF.dll
0x00007ff8018d0000 - 0x00007ff801a75000 	C:\WINDOWS\System32\ole32.dll
0x00007ffffc4f0000 - 0x00007ffffc51b000 	C:\WINDOWS\system32\DWMAPI.DLL
0x00007fffcf740000 - 0x00007fffcf840000 	C:\WINDOWS\system32\opengl32.dll
0x00007fffcf8f0000 - 0x00007fffcf91d000 	C:\WINDOWS\SYSTEM32\GLU32.dll
0x00007ffffc100000 - 0x00007ffffc137000 	C:\WINDOWS\SYSTEM32\dxcore.dll
0x00007fffca6c0000 - 0x00007fffca73b000 	C:\Users\Renan\AppData\Local\Temp\lwjgl_Renan\3.3.4+7\x64\lwjgl.dll
0x00007fffc29a0000 - 0x00007fffc2a25000 	C:\Users\Renan\AppData\Local\Temp\lwjgl_Renan\3.3.4+7\x64\glfw.dll
0x00007fffca820000 - 0x00007fffca866000 	C:\WINDOWS\SYSTEM32\dinput8.dll
0x00007fffd7e00000 - 0x00007fffd7e11000 	C:\WINDOWS\SYSTEM32\xinput1_4.dll
0x00007ffffebc0000 - 0x00007ffffebec000 	C:\WINDOWS\SYSTEM32\DEVOBJ.dll
0x00007ffffec10000 - 0x00007ffffec5e000 	C:\WINDOWS\SYSTEM32\cfgmgr32.dll
0x00007fffea7c0000 - 0x00007fffea9d3000 	C:\WINDOWS\SYSTEM32\inputhost.dll
0x00007ffff7780000 - 0x00007ffff78b3000 	C:\WINDOWS\SYSTEM32\CoreMessaging.dll
0x00007ffffe690000 - 0x00007ffffe69c000 	C:\WINDOWS\SYSTEM32\CRYPTBASE.DLL
0x00007fffc2430000 - 0x00007fffc24b6000 	C:\Program Files\Java\zulu17.44.15-ca-jdk17.0.8-win_x64\bin\freetype.dll
0x00007fffc1e60000 - 0x00007fffc1f33000 	C:\Program Files\Java\zulu17.44.15-ca-jdk17.0.8-win_x64\bin\fontmanager.dll
0x00007ffff3b70000 - 0x00007ffff3bb9000 	C:\WINDOWS\SYSTEM32\directxdatabasehelper.dll
0x00007ff8001b0000 - 0x00007ff800260000 	C:\WINDOWS\System32\clbcatq.dll
0x00007ffff4510000 - 0x00007ffff4654000 	C:\Windows\System32\AppXDeploymentClient.dll
0x00007fff7fd40000 - 0x00007fff80c5b000 	C:\Windows\System32\DriverStore\FileRepository\iigd_dch.inf_amd64_1173fb820fd297ac\ig9icd64.dll
0x00007ffffc200000 - 0x00007ffffc2f7000 	C:\WINDOWS\system32\dxgi.dll
0x00007ffffbdb0000 - 0x00007ffffbf60000 	C:\WINDOWS\SYSTEM32\WindowsCodecs.dll
0x00007fffeda50000 - 0x00007fffedbf4000 	C:\Windows\System32\DriverStore\FileRepository\iigd_dch.inf_amd64_1173fb820fd297ac\igdgmm64.dll
0x00007fffeb5b0000 - 0x00007fffeda4b000 	C:\Windows\System32\DriverStore\FileRepository\iigd_dch.inf_amd64_1173fb820fd297ac\igc64.dll
0x00007fffcbde0000 - 0x00007fffcbe3e000 	C:\WINDOWS\system32\dataexchange.dll
0x00007ffff10f0000 - 0x00007ffff1394000 	C:\WINDOWS\system32\twinapi.appcore.dll
0x00007fffedd50000 - 0x00007fffede95000 	C:\WINDOWS\SYSTEM32\textinputframework.dll
0x00007ffff3250000 - 0x00007ffff35bd000 	C:\WINDOWS\SYSTEM32\CoreUIComponents.dll
0x00007fffc0510000 - 0x00007fffc0571000 	C:\Users\Renan\AppData\Local\Temp\lwjgl_Renan\3.3.4+7\x64\lwjgl_opengl.dll

dbghelp: loaded successfully - version: 4.0.5 - missing functions: none
symbol engine: initialized successfully - sym options: 0x614 - pdb path: .;C:\Program Files\Java\zulu17.44.15-ca-jdk17.0.8-win_x64\bin;C:\WINDOWS\SYSTEM32;C:\WINDOWS\WinSxS\amd64_microsoft.windows.common-controls_6595b64144ccf1df_6.0.22621.4391_none_2715d37f73803e96;C:\Program Files\Java\zulu17.44.15-ca-jdk17.0.8-win_x64\bin\server;C:\Users\Renan\AppData\Local\Temp\lwjgl_Renan\3.3.4+7\x64;C:\Windows\System32\DriverStore\FileRepository\iigd_dch.inf_amd64_1173fb820fd297ac

VM Arguments:
jvm_args: -Dfile.encoding=UTF-8 -Dstdout.encoding=UTF-8 -Dstderr.encoding=UTF-8 -XX:+ShowCodeDetailsInExceptionMessages 
java_command: project_cg.drivers.Main3DViewer
java_class_path (initial): C:\Users\Renan\Pictures\Universidade\Projetinhos VSCode\TudoEmComputacaoGrafica\computer-graphics\ProjetinhoElipseCG\LWJGL\gluegen-rt.jar;C:\Users\Renan\Pictures\Universidade\Projetinhos VSCode\TudoEmComputacaoGrafica\computer-graphics\ProjetinhoElipseCG\LWJGL\gluegen-rt-natives-windows-amd64.jar;C:\Users\Renan\Pictures\Universidade\Projetinhos VSCode\TudoEmComputacaoGrafica\computer-graphics\ProjetinhoElipseCG\LWJGL\jogl-all.jar;C:\Users\Renan\Pictures\Universidade\Projetinhos VSCode\TudoEmComputacaoGrafica\computer-graphics\ProjetinhoElipseCG\LWJGL\jogl-all-natives-windows-amd64.jar;C:\Users\Renan\Pictures\Universidade\Projetinhos VSCode\TudoEmComputacaoGrafica\computer-graphics\ProjetinhoElipseCG\LWJGL\joml-1.10.7.jar;C:\Users\Renan\Pictures\Universidade\Projetinhos VSCode\TudoEmComputacaoGrafica\computer-graphics\ProjetinhoElipseCG\LWJGL\joml-1.10.7-javadoc.jar;C:\Users\Renan\Pictures\Universidade\Projetinhos VSCode\TudoEmComputacaoGrafica\computer-graphics\ProjetinhoElipseCG\LWJGL\joml-1.10.7-sources.jar;C:\Users\Renan\Pictures\Universidade\Projetinhos VSCode\TudoEmComputacaoGrafica\computer-graphics\ProjetinhoElipseCG\LWJGL\lwjgl.jar;C:\Users\Renan\Pictures\Universidade\Projetinhos VSCode\TudoEmComputacaoGrafica\computer-graphics\ProjetinhoElipseCG\LWJGL\lwjgl-assimp.jar;C:\Users\Renan\Pictures\Universidade\Projetinhos VSCode\TudoEmComputacaoGrafica\computer-graphics\ProjetinhoElipseCG\LWJGL\lwjgl-assimp-javadoc.jar;C:\Users\Renan\Pictures\Universidade\Projetinhos VSCode\TudoEmComputacaoGrafica\computer-graphics\ProjetinhoElipseCG\LWJGL\lwjgl-assimp-natives-windows.jar;C:\Users\Renan\Pictures\Universidade\Projetinhos VSCode\TudoEmComputacaoGrafica\computer-graphics\ProjetinhoElipseCG\LWJGL\lwjgl-assimp-sources.jar;C:\Users\Renan\Pictures\Universidade\Projetinhos VSCode\TudoEmComputacaoGrafica\computer-graphics\ProjetinhoElipseCG\LWJGL\lwjgl-bgfx.jar;C:\Users\Renan\Pictures\Universidade\Projetinhos VSCode\TudoEmComputacaoGrafica\com
Launcher Type: SUN_STANDARD

[Global flags]
     intx CICompilerCount                          = 4                                         {product} {ergonomic}
     uint ConcGCThreads                            = 2                                         {product} {ergonomic}
     uint G1ConcRefinementThreads                  = 8                                         {product} {ergonomic}
   size_t G1HeapRegionSize                         = 1048576                                   {product} {ergonomic}
    uintx GCDrainStackTargetSize                   = 64                                        {product} {ergonomic}
   size_t InitialHeapSize                          = 134217728                                 {product} {ergonomic}
   size_t MarkStackSize                            = 4194304                                   {product} {ergonomic}
   size_t MaxHeapSize                              = 2124414976                                {product} {ergonomic}
   size_t MaxNewSize                               = 1274019840                                {product} {ergonomic}
   size_t MinHeapDeltaBytes                        = 1048576                                   {product} {ergonomic}
   size_t MinHeapSize                              = 8388608                                   {product} {ergonomic}
    uintx NonNMethodCodeHeapSize                   = 5839372                                {pd product} {ergonomic}
    uintx NonProfiledCodeHeapSize                  = 122909434                              {pd product} {ergonomic}
    uintx ProfiledCodeHeapSize                     = 122909434                              {pd product} {ergonomic}
    uintx ReservedCodeCacheSize                    = 251658240                              {pd product} {ergonomic}
     bool SegmentedCodeCache                       = true                                      {product} {ergonomic}
     bool ShowCodeDetailsInExceptionMessages       = true                                   {manageable} {command line}
   size_t SoftMaxHeapSize                          = 2124414976                             {manageable} {ergonomic}
     bool UseCompressedClassPointers               = true                           {product lp64_product} {ergonomic}
     bool UseCompressedOops                        = true                           {product lp64_product} {ergonomic}
     bool UseG1GC                                  = true                                      {product} {ergonomic}
     bool UseLargePagesIndividualAllocation        = false                                  {pd product} {ergonomic}

Logging:
Log output configuration:
 #0: stdout all=warning uptime,level,tags
 #1: stderr all=off uptime,level,tags

Environment Variables:
JAVA_HOME=C:\Program Files\Java\zulu17.44.15-ca-jdk17.0.8-win_x64
PATH=C:/Program Files/Java/zulu17.44.15-ca-jdk17.0.8-win_x64/bin/server;C:/Program Files/Java/zulu17.44.15-ca-jdk17.0.8-win_x64/bin;C:\Program Files\Java\zulu17.44.15-ca-jdk17.0.8-win_x64\bin;C:\WINDOWS\system32;C:\WINDOWS;C:\WINDOWS\System32\Wbem;C:\WINDOWS\System32\WindowsPowerShell\v1.0\;C:\WINDOWS\System32\OpenSSH\;C:\Program Files\Git\cmd;C:\Program Files\nodejs\;C:\Program Files\dotnet\;C:\D\dmd2\windows\bin64;C:\D\dmd2\windows\bin;C:\Program Files\Docker\Docker\resources\bin;C:\Users\Renan;C:\Users\Renan\AppData\Local\Programs\Python\Python311\Scripts\;C:\Users\Renan\AppData\Local\Programs\Python\Python311\;C:\Users\Renan\AppData\Local\Microsoft\WindowsApps;C:\Users\Renan\AppData\Local\Programs\Microsoft VS Code\bin;C:\Users\Renan\AppData\Local\GitHubDesktop\bin;C:\Users\Renan\AppData\Roaming\npm;C:\Users\Renan\.lein\self-installs;;C:\Program Files\JetBrains\IntelliJ IDEA Community Edition 2024.1.1\bin;;C:\Users\Renan\Desktop;
USERNAME=Renan
OS=Windows_NT
PROCESSOR_IDENTIFIER=Intel64 Family 6 Model 142 Stepping 10, GenuineIntel
TMP=C:\Users\Renan\AppData\Local\Temp
TEMP=C:\Users\Renan\AppData\Local\Temp



---------------  S Y S T E M  ---------------

OS:
 Windows 11 , 64 bit Build 22621 (10.0.22621.4391)
OS uptime: 4 days 7:21 hours
Hyper-V role detected

CPU: total 8 (initial active 8) (4 cores per cpu, 2 threads per core) family 6 model 142 stepping 10 microcode 0xe0, cx8, cmov, fxsr, ht, mmx, 3dnowpref, sse, sse2, sse3, ssse3, sse4.1, sse4.2, popcnt, lzcnt, tsc, tscinvbit, avx, avx2, aes, erms, clmul, bmi1, bmi2, adx, fma, vzeroupper, clflush, clflushopt, hv
Processor Information for all 8 processors :
  Max Mhz: 1800, Current Mhz: 1600, Mhz Limit: 1584

Memory: 4k page, system-wide physical 8102M (1013M free)
TotalPageFile size 14502M (AvailPageFile size 2586M)
current process WorkingSet (physical memory assigned to process): 267M, peak: 286M
current process commit charge ("private bytes"): 317M, peak: 320M

vm_info: OpenJDK 64-Bit Server VM (17.0.8+7-LTS) for windows-amd64 JRE (17.0.8+7-LTS) (Zulu17.44+15-CA), built on Jul  5 2023 07:56:11 by "zulu_re" with MS VC++ 16.10 / 16.11 (VS2019)

END.
